[ 2014-09-19T11:00:51+08:00 ] 127.0.0.1 /app/
INFO: [ app_begin ] --START--
INFO: ReadHtmlCache Behavior ::run [ RunTime:0.000838s ]
INFO: [ app_begin ] --END-- [ RunTime:0.000923s ]
SQL: SHOW COLUMNS FROM `sxk_art` [ RunTime:0.109785s ]
SQL: SELECT * FROM `sxk_art` WHERE ( stat !=100 and fzclass=1 ) ORDER BY id LIMIT 4   [ RunTime:0.036024s ]
INFO: [ view_parse ] --START--
NOTIC: [8] Undefined variable: menu D:\wamp\www\app\Runtime\Cache\0cab370dc533ba97c84fcaf918d89176.php 第 37 行.
INFO: ParseTemplate Behavior ::run [ RunTime:0.022086s ]
INFO: [ view_parse ] --END-- [ RunTime:0.022248s ]
INFO: [ view_filter ] --START--
INFO: ContentReplace Behavior ::run [ RunTime:0.000622s ]
INFO: TokenBuild Behavior ::run [ RunTime:0.000562s ]
INFO: WriteHtmlCache Behavior ::run [ RunTime:0.000431s ]
INFO: ShowRuntime Behavior ::run [ RunTime:0.000566s ]
INFO: [ view_filter ] --END-- [ RunTime:0.002381s ]
INFO: [ view_end ] --START--
INFO: ShowPageTrace Behavior ::run [ RunTime:0.000671s ]
INFO: [ view_end ] --END-- [ RunTime:0.000734s ]

[ 2014-09-19T11:26:13+08:00 ] 127.0.0.1 /app/
INFO: [ app_begin ] --START--
INFO: ReadHtmlCache Behavior ::run [ RunTime:0.000966s ]
INFO: [ app_begin ] --END-- [ RunTime:0.001142s ]
SQL: SHOW COLUMNS FROM `sxk_art` [ RunTime:0.003379s ]
SQL: SELECT * FROM `sxk_art` WHERE ( stat !=100 and fzclass=1 ) ORDER BY id LIMIT 4   [ RunTime:0.001584s ]
INFO: [ view_parse ] --START--
NOTIC: [8] Undefined variable: menu D:\wamp\www\app\Runtime\Cache\0cab370dc533ba97c84fcaf918d89176.php 第 37 行.
INFO: ParseTemplate Behavior ::run [ RunTime:0.021714s ]
INFO: [ view_parse ] --END-- [ RunTime:0.021797s ]
INFO: [ view_filter ] --START--
INFO: ContentReplace Behavior ::run [ RunTime:0.000644s ]
INFO: TokenBuild Behavior ::run [ RunTime:0.000597s ]
INFO: WriteHtmlCache Behavior ::run [ RunTime:0.001339s ]
INFO: ShowRuntime Behavior ::run [ RunTime:0.001013s ]
INFO: [ view_filter ] --END-- [ RunTime:0.003880s ]
INFO: [ view_end ] --START--
INFO: ShowPageTrace Behavior ::run [ RunTime:0.001446s ]
INFO: [ view_end ] --END-- [ RunTime:0.001576s ]
SQL: SHOW COLUMNS FROM `sxk_class` [ RunTime:0.024047s ]
SQL: SELECT * FROM `sxk_class`  [ RunTime:0.000923s ]

[ 2014-09-19T11:26:15+08:00 ] 127.0.0.1 /app/
INFO: [ app_begin ] --START--
INFO: ReadHtmlCache Behavior ::run [ RunTime:0.000834s ]
INFO: [ app_begin ] --END-- [ RunTime:0.000938s ]
SQL: SHOW COLUMNS FROM `sxk_art` [ RunTime:0.003381s ]
SQL: SELECT * FROM `sxk_art` WHERE ( stat !=100 and fzclass=1 ) ORDER BY id LIMIT 4   [ RunTime:0.001701s ]
INFO: [ view_parse ] --START--
NOTIC: [8] Undefined variable: menu D:\wamp\www\app\Runtime\Cache\0cab370dc533ba97c84fcaf918d89176.php 第 37 行.
INFO: ParseTemplate Behavior ::run [ RunTime:0.020937s ]
INFO: [ view_parse ] --END-- [ RunTime:0.021018s ]
INFO: [ view_filter ] --START--
INFO: ContentReplace Behavior ::run [ RunTime:0.000552s ]
INFO: TokenBuild Behavior ::run [ RunTime:0.000461s ]
INFO: WriteHtmlCache Behavior ::run [ RunTime:0.000333s ]
INFO: ShowRuntime Behavior ::run [ RunTime:0.000532s ]
INFO: [ view_filter ] --END-- [ RunTime:0.002037s ]
INFO: [ view_end ] --START--
INFO: ShowPageTrace Behavior ::run [ RunTime:0.000662s ]
INFO: [ view_end ] --END-- [ RunTime:0.000722s ]
SQL: SHOW COLUMNS FROM `sxk_class` [ RunTime:0.002653s ]
SQL: SELECT * FROM `sxk_class`  [ RunTime:0.000269s ]

[ 2014-09-19T11:26:16+08:00 ] 127.0.0.1 /app/
INFO: [ app_begin ] --START--
INFO: ReadHtmlCache Behavior ::run [ RunTime:0.000592s ]
INFO: [ app_begin ] --END-- [ RunTime:0.000682s ]
SQL: SHOW COLUMNS FROM `sxk_art` [ RunTime:0.002815s ]
SQL: SELECT * FROM `sxk_art` WHERE ( stat !=100 and fzclass=1 ) ORDER BY id LIMIT 4   [ RunTime:0.001750s ]
INFO: [ view_parse ] --START--
NOTIC: [8] Undefined variable: menu D:\wamp\www\app\Runtime\Cache\0cab370dc533ba97c84fcaf918d89176.php 第 37 行.
INFO: ParseTemplate Behavior ::run [ RunTime:0.014585s ]
INFO: [ view_parse ] --END-- [ RunTime:0.014670s ]
INFO: [ view_filter ] --START--
INFO: ContentReplace Behavior ::run [ RunTime:0.000516s ]
INFO: TokenBuild Behavior ::run [ RunTime:0.000452s ]
INFO: WriteHtmlCache Behavior ::run [ RunTime:0.000748s ]
INFO: ShowRuntime Behavior ::run [ RunTime:0.000643s ]
INFO: [ view_filter ] --END-- [ RunTime:0.002574s ]
INFO: [ view_end ] --START--
INFO: ShowPageTrace Behavior ::run [ RunTime:0.000671s ]
INFO: [ view_end ] --END-- [ RunTime:0.000734s ]
SQL: SHOW COLUMNS FROM `sxk_class` [ RunTime:0.002634s ]
SQL: SELECT * FROM `sxk_class`  [ RunTime:0.000254s ]

[ 2014-09-19T11:26:16+08:00 ] 127.0.0.1 /app/
INFO: [ app_begin ] --START--
INFO: ReadHtmlCache Behavior ::run [ RunTime:0.000549s ]
INFO: [ app_begin ] --END-- [ RunTime:0.000639s ]
SQL: SHOW COLUMNS FROM `sxk_art` [ RunTime:0.003387s ]
SQL: SELECT * FROM `sxk_art` WHERE ( stat !=100 and fzclass=1 ) ORDER BY id LIMIT 4   [ RunTime:0.005597s ]
INFO: [ view_parse ] --START--
NOTIC: [8] Undefined variable: menu D:\wamp\www\app\Runtime\Cache\0cab370dc533ba97c84fcaf918d89176.php 第 37 行.
INFO: ParseTemplate Behavior ::run [ RunTime:0.016926s ]
INFO: [ view_parse ] --END-- [ RunTime:0.017019s ]
INFO: [ view_filter ] --START--
INFO: ContentReplace Behavior ::run [ RunTime:0.000417s ]
INFO: TokenBuild Behavior ::run [ RunTime:0.000349s ]
INFO: WriteHtmlCache Behavior ::run [ RunTime:0.000236s ]
INFO: ShowRuntime Behavior ::run [ RunTime:0.000437s ]
INFO: [ view_filter ] --END-- [ RunTime:0.001598s ]
INFO: [ view_end ] --START--
INFO: ShowPageTrace Behavior ::run [ RunTime:0.000563s ]
INFO: [ view_end ] --END-- [ RunTime:0.000623s ]
SQL: SHOW COLUMNS FROM `sxk_class` [ RunTime:0.003103s ]
SQL: SELECT * FROM `sxk_class`  [ RunTime:0.000726s ]

[ 2014-09-19T11:26:17+08:00 ] 127.0.0.1 /app/
INFO: [ app_begin ] --START--
INFO: ReadHtmlCache Behavior ::run [ RunTime:0.000522s ]
INFO: [ app_begin ] --END-- [ RunTime:0.000602s ]
SQL: SHOW COLUMNS FROM `sxk_art` [ RunTime:0.003005s ]
SQL: SELECT * FROM `sxk_art` WHERE ( stat !=100 and fzclass=1 ) ORDER BY id LIMIT 4   [ RunTime:0.001646s ]
INFO: [ view_parse ] --START--
NOTIC: [8] Undefined variable: menu D:\wamp\www\app\Runtime\Cache\0cab370dc533ba97c84fcaf918d89176.php 第 37 行.
INFO: ParseTemplate Behavior ::run [ RunTime:0.016783s ]
INFO: [ view_parse ] --END-- [ RunTime:0.016879s ]
INFO: [ view_filter ] --START--
INFO: ContentReplace Behavior ::run [ RunTime:0.000539s ]
INFO: TokenBuild Behavior ::run [ RunTime:0.000359s ]
INFO: WriteHtmlCache Behavior ::run [ RunTime:0.000237s ]
INFO: ShowRuntime Behavior ::run [ RunTime:0.000462s ]
INFO: [ view_filter ] --END-- [ RunTime:0.001781s ]
INFO: [ view_end ] --START--
INFO: ShowPageTrace Behavior ::run [ RunTime:0.000559s ]
INFO: [ view_end ] --END-- [ RunTime:0.000617s ]
SQL: SHOW COLUMNS FROM `sxk_class` [ RunTime:0.003223s ]
SQL: SELECT * FROM `sxk_class`  [ RunTime:0.001018s ]

[ 2014-09-19T11:26:17+08:00 ] 127.0.0.1 /app/
INFO: [ app_begin ] --START--
INFO: ReadHtmlCache Behavior ::run [ RunTime:0.000635s ]
INFO: [ app_begin ] --END-- [ RunTime:0.000730s ]
SQL: SHOW COLUMNS FROM `sxk_art` [ RunTime:0.003821s ]
SQL: SELECT * FROM `sxk_art` WHERE ( stat !=100 and fzclass=1 ) ORDER BY id LIMIT 4   [ RunTime:0.002364s ]
INFO: [ view_parse ] --START--
NOTIC: [8] Undefined variable: menu D:\wamp\www\app\Runtime\Cache\0cab370dc533ba97c84fcaf918d89176.php 第 37 行.
INFO: ParseTemplate Behavior ::run [ RunTime:0.015547s ]
INFO: [ view_parse ] --END-- [ RunTime:0.015645s ]
INFO: [ view_filter ] --START--
INFO: ContentReplace Behavior ::run [ RunTime:0.000630s ]
INFO: TokenBuild Behavior ::run [ RunTime:0.000603s ]
INFO: WriteHtmlCache Behavior ::run [ RunTime:0.000416s ]
INFO: ShowRuntime Behavior ::run [ RunTime:0.000615s ]
INFO: [ view_filter ] --END-- [ RunTime:0.002523s ]
INFO: [ view_end ] --START--
INFO: ShowPageTrace Behavior ::run [ RunTime:0.000851s ]
INFO: [ view_end ] --END-- [ RunTime:0.000945s ]
SQL: SHOW COLUMNS FROM `sxk_class` [ RunTime:0.003640s ]
SQL: SELECT * FROM `sxk_class`  [ RunTime:0.000894s ]

[ 2014-09-19T11:26:18+08:00 ] 127.0.0.1 /app/
INFO: [ app_begin ] --START--
INFO: ReadHtmlCache Behavior ::run [ RunTime:0.000551s ]
INFO: [ app_begin ] --END-- [ RunTime:0.000636s ]
SQL: SHOW COLUMNS FROM `sxk_art` [ RunTime:0.002651s ]
SQL: SELECT * FROM `sxk_art` WHERE ( stat !=100 and fzclass=1 ) ORDER BY id LIMIT 4   [ RunTime:0.002270s ]
INFO: [ view_parse ] --START--
NOTIC: [8] Undefined variable: menu D:\wamp\www\app\Runtime\Cache\0cab370dc533ba97c84fcaf918d89176.php 第 37 行.
INFO: ParseTemplate Behavior ::run [ RunTime:0.014523s ]
INFO: [ view_parse ] --END-- [ RunTime:0.014603s ]
INFO: [ view_filter ] --START--
INFO: ContentReplace Behavior ::run [ RunTime:0.000447s ]
INFO: TokenBuild Behavior ::run [ RunTime:0.000366s ]
INFO: WriteHtmlCache Behavior ::run [ RunTime:0.000299s ]
INFO: ShowRuntime Behavior ::run [ RunTime:0.000535s ]
INFO: [ view_filter ] --END-- [ RunTime:0.001833s ]
INFO: [ view_end ] --START--
INFO: ShowPageTrace Behavior ::run [ RunTime:0.000797s ]
INFO: [ view_end ] --END-- [ RunTime:0.000875s ]
SQL: SHOW COLUMNS FROM `sxk_class` [ RunTime:0.002677s ]
SQL: SELECT * FROM `sxk_class`  [ RunTime:0.000329s ]

[ 2014-09-19T11:26:54+08:00 ] 127.0.0.1 /app/
INFO: [ app_begin ] --START--
INFO: ReadHtmlCache Behavior ::run [ RunTime:0.000584s ]
INFO: [ app_begin ] --END-- [ RunTime:0.000674s ]
SQL: SHOW COLUMNS FROM `sxk_art` [ RunTime:0.003408s ]
SQL: SELECT * FROM `sxk_art` WHERE ( stat !=100 and fzclass=1 ) ORDER BY id LIMIT 4   [ RunTime:0.002090s ]
INFO: [ view_parse ] --START--
NOTIC: [8] Undefined variable: list D:\wamp\www\app\Runtime\Cache\0cab370dc533ba97c84fcaf918d89176.php 第 37 行.
INFO: ParseTemplate Behavior ::run [ RunTime:0.015556s ]
INFO: [ view_parse ] --END-- [ RunTime:0.015643s ]
INFO: [ view_filter ] --START--
INFO: ContentReplace Behavior ::run [ RunTime:0.000424s ]
INFO: TokenBuild Behavior ::run [ RunTime:0.000343s ]
INFO: WriteHtmlCache Behavior ::run [ RunTime:0.000233s ]
INFO: ShowRuntime Behavior ::run [ RunTime:0.000426s ]
INFO: [ view_filter ] --END-- [ RunTime:0.001582s ]
INFO: [ view_end ] --START--
INFO: ShowPageTrace Behavior ::run [ RunTime:0.000554s ]
INFO: [ view_end ] --END-- [ RunTime:0.000611s ]
SQL: SHOW COLUMNS FROM `sxk_class` [ RunTime:0.002650s ]
SQL: SELECT * FROM `sxk_class`  [ RunTime:0.000287s ]

[ 2014-09-19T11:26:56+08:00 ] 127.0.0.1 /app/
INFO: [ app_begin ] --START--
INFO: ReadHtmlCache Behavior ::run [ RunTime:0.001019s ]
INFO: [ app_begin ] --END-- [ RunTime:0.001132s ]
SQL: SHOW COLUMNS FROM `sxk_art` [ RunTime:0.002849s ]
SQL: SELECT * FROM `sxk_art` WHERE ( stat !=100 and fzclass=1 ) ORDER BY id LIMIT 4   [ RunTime:0.001745s ]
INFO: [ view_parse ] --START--
NOTIC: [8] Undefined variable: list D:\wamp\www\app\Runtime\Cache\0cab370dc533ba97c84fcaf918d89176.php 第 37 行.
INFO: ParseTemplate Behavior ::run [ RunTime:0.014660s ]
INFO: [ view_parse ] --END-- [ RunTime:0.014736s ]
INFO: [ view_filter ] --START--
INFO: ContentReplace Behavior ::run [ RunTime:0.000421s ]
INFO: TokenBuild Behavior ::run [ RunTime:0.000483s ]
INFO: WriteHtmlCache Behavior ::run [ RunTime:0.000457s ]
INFO: ShowRuntime Behavior ::run [ RunTime:0.000449s ]
INFO: [ view_filter ] --END-- [ RunTime:0.001972s ]
INFO: [ view_end ] --START--
INFO: ShowPageTrace Behavior ::run [ RunTime:0.000792s ]
INFO: [ view_end ] --END-- [ RunTime:0.000874s ]
SQL: SHOW COLUMNS FROM `sxk_class` [ RunTime:0.003078s ]
SQL: SELECT * FROM `sxk_class`  [ RunTime:0.000311s ]

[ 2014-09-19T11:26:57+08:00 ] 127.0.0.1 /app/
INFO: [ app_begin ] --START--
INFO: ReadHtmlCache Behavior ::run [ RunTime:0.000679s ]
INFO: [ app_begin ] --END-- [ RunTime:0.000784s ]
SQL: SHOW COLUMNS FROM `sxk_art` [ RunTime:0.002694s ]
SQL: SELECT * FROM `sxk_art` WHERE ( stat !=100 and fzclass=1 ) ORDER BY id LIMIT 4   [ RunTime:0.001866s ]
INFO: [ view_parse ] --START--
NOTIC: [8] Undefined variable: list D:\wamp\www\app\Runtime\Cache\0cab370dc533ba97c84fcaf918d89176.php 第 37 行.
INFO: ParseTemplate Behavior ::run [ RunTime:0.014661s ]
INFO: [ view_parse ] --END-- [ RunTime:0.014748s ]
INFO: [ view_filter ] --START--
INFO: ContentReplace Behavior ::run [ RunTime:0.000567s ]
INFO: TokenBuild Behavior ::run [ RunTime:0.000547s ]
INFO: WriteHtmlCache Behavior ::run [ RunTime:0.000360s ]
INFO: ShowRuntime Behavior ::run [ RunTime:0.000502s ]
INFO: [ view_filter ] --END-- [ RunTime:0.002201s ]
INFO: [ view_end ] --START--
INFO: ShowPageTrace Behavior ::run [ RunTime:0.000811s ]
INFO: [ view_end ] --END-- [ RunTime:0.000912s ]
SQL: SHOW COLUMNS FROM `sxk_class` [ RunTime:0.004641s ]
SQL: SELECT * FROM `sxk_class`  [ RunTime:0.000593s ]

[ 2014-09-19T11:26:57+08:00 ] 127.0.0.1 /app/
INFO: [ app_begin ] --START--
INFO: ReadHtmlCache Behavior ::run [ RunTime:0.000596s ]
INFO: [ app_begin ] --END-- [ RunTime:0.000691s ]
SQL: SHOW COLUMNS FROM `sxk_art` [ RunTime:0.005375s ]
SQL: SELECT * FROM `sxk_art` WHERE ( stat !=100 and fzclass=1 ) ORDER BY id LIMIT 4   [ RunTime:0.001377s ]
INFO: [ view_parse ] --START--
NOTIC: [8] Undefined variable: list D:\wamp\www\app\Runtime\Cache\0cab370dc533ba97c84fcaf918d89176.php 第 37 行.
INFO: ParseTemplate Behavior ::run [ RunTime:0.012456s ]
INFO: [ view_parse ] --END-- [ RunTime:0.012536s ]
INFO: [ view_filter ] --START--
INFO: ContentReplace Behavior ::run [ RunTime:0.000411s ]
INFO: TokenBuild Behavior ::run [ RunTime:0.000343s ]
INFO: WriteHtmlCache Behavior ::run [ RunTime:0.000233s ]
INFO: ShowRuntime Behavior ::run [ RunTime:0.000442s ]
INFO: [ view_filter ] --END-- [ RunTime:0.001590s ]
INFO: [ view_end ] --START--
INFO: ShowPageTrace Behavior ::run [ RunTime:0.000570s ]
INFO: [ view_end ] --END-- [ RunTime:0.000628s ]
SQL: SHOW COLUMNS FROM `sxk_class` [ RunTime:0.004141s ]
SQL: SELECT * FROM `sxk_class`  [ RunTime:0.000615s ]

[ 2014-09-19T11:29:34+08:00 ] 127.0.0.1 /app/
INFO: [ app_begin ] --START--
INFO: ReadHtmlCache Behavior ::run [ RunTime:0.001092s ]
INFO: [ app_begin ] --END-- [ RunTime:0.001221s ]
SQL: SHOW COLUMNS FROM `sxk_art` [ RunTime:0.002780s ]
SQL: SELECT * FROM `sxk_art` WHERE ( stat !=100 and fzclass=1 ) ORDER BY id LIMIT 4   [ RunTime:0.002429s ]
INFO: [ view_parse ] --START--
NOTIC: [8] Undefined variable: list D:\wamp\www\app\Runtime\Cache\0cab370dc533ba97c84fcaf918d89176.php 第 37 行.
INFO: ParseTemplate Behavior ::run [ RunTime:0.020710s ]
INFO: [ view_parse ] --END-- [ RunTime:0.020806s ]
INFO: [ view_filter ] --START--
INFO: ContentReplace Behavior ::run [ RunTime:0.000539s ]
INFO: TokenBuild Behavior ::run [ RunTime:0.000451s ]
INFO: WriteHtmlCache Behavior ::run [ RunTime:0.000328s ]
INFO: ShowRuntime Behavior ::run [ RunTime:0.000518s ]
INFO: [ view_filter ] --END-- [ RunTime:0.001993s ]
INFO: [ view_end ] --START--
INFO: ShowPageTrace Behavior ::run [ RunTime:0.000646s ]
INFO: [ view_end ] --END-- [ RunTime:0.000703s ]
SQL: SHOW COLUMNS FROM `sxk_class` [ RunTime:0.002756s ]
SQL: SELECT * FROM `sxk_class`  [ RunTime:0.000311s ]
NOTIC: [8] Constant THEME_NAME already defined D:\wamp\www\ThinkPHP\Lib\Core\View.class.php 第 221 行.
NOTIC: [8] Constant THEME_PATH already defined D:\wamp\www\ThinkPHP\Lib\Core\View.class.php 第 172 行.
NOTIC: [8] Constant APP_TMPL_PATH already defined D:\wamp\www\ThinkPHP\Lib\Core\View.class.php 第 173 行.
INFO: [ view_parse ] --START--
NOTIC: [8] Undefined variable: list D:\wamp\www\app\Runtime\Cache\0cab370dc533ba97c84fcaf918d89176.php 第 37 行.
NOTIC: [8] Undefined index: img D:\wamp\www\app\Runtime\Cache\0cab370dc533ba97c84fcaf918d89176.php 第 53 行.
NOTIC: [8] Undefined index: title D:\wamp\www\app\Runtime\Cache\0cab370dc533ba97c84fcaf918d89176.php 第 54 行.
NOTIC: [8] Undefined index: summary D:\wamp\www\app\Runtime\Cache\0cab370dc533ba97c84fcaf918d89176.php 第 54 行.
NOTIC: [8] Undefined index: img D:\wamp\www\app\Runtime\Cache\0cab370dc533ba97c84fcaf918d89176.php 第 56 行.
NOTIC: [8] Undefined index: title D:\wamp\www\app\Runtime\Cache\0cab370dc533ba97c84fcaf918d89176.php 第 57 行.
NOTIC: [8] Undefined index: summary D:\wamp\www\app\Runtime\Cache\0cab370dc533ba97c84fcaf918d89176.php 第 57 行.
NOTIC: [8] Undefined index: img D:\wamp\www\app\Runtime\Cache\0cab370dc533ba97c84fcaf918d89176.php 第 56 行.
NOTIC: [8] Undefined index: title D:\wamp\www\app\Runtime\Cache\0cab370dc533ba97c84fcaf918d89176.php 第 57 行.
NOTIC: [8] Undefined index: summary D:\wamp\www\app\Runtime\Cache\0cab370dc533ba97c84fcaf918d89176.php 第 57 行.
NOTIC: [8] Undefined index: img D:\wamp\www\app\Runtime\Cache\0cab370dc533ba97c84fcaf918d89176.php 第 56 行.
NOTIC: [8] Undefined index: title D:\wamp\www\app\Runtime\Cache\0cab370dc533ba97c84fcaf918d89176.php 第 57 行.
NOTIC: [8] Undefined index: summary D:\wamp\www\app\Runtime\Cache\0cab370dc533ba97c84fcaf918d89176.php 第 57 行.
NOTIC: [8] Undefined index: img D:\wamp\www\app\Runtime\Cache\0cab370dc533ba97c84fcaf918d89176.php 第 56 行.
NOTIC: [8] Undefined index: title D:\wamp\www\app\Runtime\Cache\0cab370dc533ba97c84fcaf918d89176.php 第 57 行.
NOTIC: [8] Undefined index: summary D:\wamp\www\app\Runtime\Cache\0cab370dc533ba97c84fcaf918d89176.php 第 57 行.
INFO: ParseTemplate Behavior ::run [ RunTime:0.006020s ]
INFO: [ view_parse ] --END-- [ RunTime:-0.006643s ]
INFO: [ view_filter ] --START--
INFO: ContentReplace Behavior ::run [ RunTime:0.000104s ]
INFO: TokenBuild Behavior ::run [ RunTime:0.000050s ]
INFO: WriteHtmlCache Behavior ::run [ RunTime:0.000012s ]
INFO: ShowRuntime Behavior ::run [ RunTime:0.000085s ]
INFO: [ view_filter ] --END-- [ RunTime:-0.010737s ]
INFO: [ view_end ] --START--
INFO: ShowPageTrace Behavior ::run [ RunTime:0.000039s ]
INFO: [ view_end ] --END-- [ RunTime:-0.010424s ]

[ 2014-09-19T11:29:37+08:00 ] 127.0.0.1 /app/
INFO: [ app_begin ] --START--
INFO: ReadHtmlCache Behavior ::run [ RunTime:0.001252s ]
INFO: [ app_begin ] --END-- [ RunTime:0.001431s ]
SQL: SHOW COLUMNS FROM `sxk_art` [ RunTime:0.002645s ]
SQL: SELECT * FROM `sxk_art` WHERE ( stat !=100 and fzclass=1 ) ORDER BY id LIMIT 4   [ RunTime:0.001312s ]
INFO: [ view_parse ] --START--
NOTIC: [8] Undefined variable: list D:\wamp\www\app\Runtime\Cache\0cab370dc533ba97c84fcaf918d89176.php 第 37 行.
INFO: ParseTemplate Behavior ::run [ RunTime:0.014479s ]
INFO: [ view_parse ] --END-- [ RunTime:0.014563s ]
INFO: [ view_filter ] --START--
INFO: ContentReplace Behavior ::run [ RunTime:0.000533s ]
INFO: TokenBuild Behavior ::run [ RunTime:0.000399s ]
INFO: WriteHtmlCache Behavior ::run [ RunTime:0.000297s ]
INFO: ShowRuntime Behavior ::run [ RunTime:0.000538s ]
INFO: [ view_filter ] --END-- [ RunTime:0.001961s ]
INFO: [ view_end ] --START--
INFO: ShowPageTrace Behavior ::run [ RunTime:0.000725s ]
INFO: [ view_end ] --END-- [ RunTime:0.000793s ]
SQL: SHOW COLUMNS FROM `sxk_class` [ RunTime:0.002746s ]
SQL: SELECT * FROM `sxk_class`  [ RunTime:0.001867s ]
NOTIC: [8] Constant THEME_NAME already defined D:\wamp\www\ThinkPHP\Lib\Core\View.class.php 第 221 行.
NOTIC: [8] Constant THEME_PATH already defined D:\wamp\www\ThinkPHP\Lib\Core\View.class.php 第 172 行.
NOTIC: [8] Constant APP_TMPL_PATH already defined D:\wamp\www\ThinkPHP\Lib\Core\View.class.php 第 173 行.
INFO: [ view_parse ] --START--
NOTIC: [8] Undefined variable: list D:\wamp\www\app\Runtime\Cache\0cab370dc533ba97c84fcaf918d89176.php 第 37 行.
NOTIC: [8] Undefined index: img D:\wamp\www\app\Runtime\Cache\0cab370dc533ba97c84fcaf918d89176.php 第 53 行.
NOTIC: [8] Undefined index: title D:\wamp\www\app\Runtime\Cache\0cab370dc533ba97c84fcaf918d89176.php 第 54 行.
NOTIC: [8] Undefined index: summary D:\wamp\www\app\Runtime\Cache\0cab370dc533ba97c84fcaf918d89176.php 第 54 行.
NOTIC: [8] Undefined index: img D:\wamp\www\app\Runtime\Cache\0cab370dc533ba97c84fcaf918d89176.php 第 56 行.
NOTIC: [8] Undefined index: title D:\wamp\www\app\Runtime\Cache\0cab370dc533ba97c84fcaf918d89176.php 第 57 行.
NOTIC: [8] Undefined index: summary D:\wamp\www\app\Runtime\Cache\0cab370dc533ba97c84fcaf918d89176.php 第 57 行.
NOTIC: [8] Undefined index: img D:\wamp\www\app\Runtime\Cache\0cab370dc533ba97c84fcaf918d89176.php 第 56 行.
NOTIC: [8] Undefined index: title D:\wamp\www\app\Runtime\Cache\0cab370dc533ba97c84fcaf918d89176.php 第 57 行.
NOTIC: [8] Undefined index: summary D:\wamp\www\app\Runtime\Cache\0cab370dc533ba97c84fcaf918d89176.php 第 57 行.
NOTIC: [8] Undefined index: img D:\wamp\www\app\Runtime\Cache\0cab370dc533ba97c84fcaf918d89176.php 第 56 行.
NOTIC: [8] Undefined index: title D:\wamp\www\app\Runtime\Cache\0cab370dc533ba97c84fcaf918d89176.php 第 57 行.
NOTIC: [8] Undefined index: summary D:\wamp\www\app\Runtime\Cache\0cab370dc533ba97c84fcaf918d89176.php 第 57 行.
NOTIC: [8] Undefined index: img D:\wamp\www\app\Runtime\Cache\0cab370dc533ba97c84fcaf918d89176.php 第 56 行.
NOTIC: [8] Undefined index: title D:\wamp\www\app\Runtime\Cache\0cab370dc533ba97c84fcaf918d89176.php 第 57 行.
NOTIC: [8] Undefined index: summary D:\wamp\www\app\Runtime\Cache\0cab370dc533ba97c84fcaf918d89176.php 第 57 行.
INFO: ParseTemplate Behavior ::run [ RunTime:0.006722s ]
INFO: [ view_parse ] --END-- [ RunTime:-0.008808s ]
INFO: [ view_filter ] --START--
INFO: ContentReplace Behavior ::run [ RunTime:0.000122s ]
INFO: TokenBuild Behavior ::run [ RunTime:0.000055s ]
INFO: WriteHtmlCache Behavior ::run [ RunTime:0.000012s ]
INFO: ShowRuntime Behavior ::run [ RunTime:0.000087s ]
INFO: [ view_filter ] --END-- [ RunTime:-0.013697s ]
INFO: [ view_end ] --START--
INFO: ShowPageTrace Behavior ::run [ RunTime:0.000040s ]
INFO: [ view_end ] --END-- [ RunTime:-0.013341s ]

[ 2014-09-19T11:29:42+08:00 ] 127.0.0.1 /app/
INFO: [ app_begin ] --START--
INFO: ReadHtmlCache Behavior ::run [ RunTime:0.000836s ]
INFO: [ app_begin ] --END-- [ RunTime:0.000938s ]
SQL: SHOW COLUMNS FROM `sxk_art` [ RunTime:0.003288s ]
SQL: SELECT * FROM `sxk_art` WHERE ( stat !=100 and fzclass=1 ) ORDER BY id LIMIT 4   [ RunTime:0.002397s ]
INFO: [ view_parse ] --START--
NOTIC: [8] Undefined variable: list D:\wamp\www\app\Runtime\Cache\0cab370dc533ba97c84fcaf918d89176.php 第 37 行.
INFO: ParseTemplate Behavior ::run [ RunTime:0.016173s ]
INFO: [ view_parse ] --END-- [ RunTime:0.016264s ]
INFO: [ view_filter ] --START--
INFO: ContentReplace Behavior ::run [ RunTime:0.000667s ]
INFO: TokenBuild Behavior ::run [ RunTime:0.000633s ]
INFO: WriteHtmlCache Behavior ::run [ RunTime:0.000641s ]
INFO: ShowRuntime Behavior ::run [ RunTime:0.000668s ]
INFO: [ view_filter ] --END-- [ RunTime:0.002822s ]
INFO: [ view_end ] --START--
INFO: ShowPageTrace Behavior ::run [ RunTime:0.000863s ]
INFO: [ view_end ] --END-- [ RunTime:0.000933s ]
SQL: SHOW COLUMNS FROM `sxk_class` [ RunTime:0.002721s ]
SQL: SELECT * FROM `sxk_class`  [ RunTime:0.000316s ]
NOTIC: [8] Constant THEME_NAME already defined D:\wamp\www\ThinkPHP\Lib\Core\View.class.php 第 221 行.
NOTIC: [8] Constant THEME_PATH already defined D:\wamp\www\ThinkPHP\Lib\Core\View.class.php 第 172 行.
NOTIC: [8] Constant APP_TMPL_PATH already defined D:\wamp\www\ThinkPHP\Lib\Core\View.class.php 第 173 行.
INFO: [ view_parse ] --START--
NOTIC: [8] Undefined variable: list D:\wamp\www\app\Runtime\Cache\0cab370dc533ba97c84fcaf918d89176.php 第 37 行.
NOTIC: [8] Undefined index: img D:\wamp\www\app\Runtime\Cache\0cab370dc533ba97c84fcaf918d89176.php 第 53 行.
NOTIC: [8] Undefined index: title D:\wamp\www\app\Runtime\Cache\0cab370dc533ba97c84fcaf918d89176.php 第 54 行.
NOTIC: [8] Undefined index: summary D:\wamp\www\app\Runtime\Cache\0cab370dc533ba97c84fcaf918d89176.php 第 54 行.
NOTIC: [8] Undefined index: img D:\wamp\www\app\Runtime\Cache\0cab370dc533ba97c84fcaf918d89176.php 第 56 行.
NOTIC: [8] Undefined index: title D:\wamp\www\app\Runtime\Cache\0cab370dc533ba97c84fcaf918d89176.php 第 57 行.
NOTIC: [8] Undefined index: summary D:\wamp\www\app\Runtime\Cache\0cab370dc533ba97c84fcaf918d89176.php 第 57 行.
NOTIC: [8] Undefined index: img D:\wamp\www\app\Runtime\Cache\0cab370dc533ba97c84fcaf918d89176.php 第 56 行.
NOTIC: [8] Undefined index: title D:\wamp\www\app\Runtime\Cache\0cab370dc533ba97c84fcaf918d89176.php 第 57 行.
NOTIC: [8] Undefined index: summary D:\wamp\www\app\Runtime\Cache\0cab370dc533ba97c84fcaf918d89176.php 第 57 行.
NOTIC: [8] Undefined index: img D:\wamp\www\app\Runtime\Cache\0cab370dc533ba97c84fcaf918d89176.php 第 56 行.
NOTIC: [8] Undefined index: title D:\wamp\www\app\Runtime\Cache\0cab370dc533ba97c84fcaf918d89176.php 第 57 行.
NOTIC: [8] Undefined index: summary D:\wamp\www\app\Runtime\Cache\0cab370dc533ba97c84fcaf918d89176.php 第 57 行.
NOTIC: [8] Undefined index: img D:\wamp\www\app\Runtime\Cache\0cab370dc533ba97c84fcaf918d89176.php 第 56 行.
NOTIC: [8] Undefined index: title D:\wamp\www\app\Runtime\Cache\0cab370dc533ba97c84fcaf918d89176.php 第 57 行.
NOTIC: [8] Undefined index: summary D:\wamp\www\app\Runtime\Cache\0cab370dc533ba97c84fcaf918d89176.php 第 57 行.
INFO: ParseTemplate Behavior ::run [ RunTime:0.006257s ]
INFO: [ view_parse ] --END-- [ RunTime:-0.007680s ]
INFO: [ view_filter ] --START--
INFO: ContentReplace Behavior ::run [ RunTime:0.000108s ]
INFO: TokenBuild Behavior ::run [ RunTime:0.000051s ]
INFO: WriteHtmlCache Behavior ::run [ RunTime:0.000012s ]
INFO: ShowRuntime Behavior ::run [ RunTime:0.000087s ]
INFO: [ view_filter ] --END-- [ RunTime:-0.011185s ]
INFO: [ view_end ] --START--
INFO: ShowPageTrace Behavior ::run [ RunTime:0.000044s ]
INFO: [ view_end ] --END-- [ RunTime:-0.010636s ]

[ 2014-09-19T11:30:13+08:00 ] 127.0.0.1 /app/
INFO: [ app_begin ] --START--
INFO: ReadHtmlCache Behavior ::run [ RunTime:0.000565s ]
INFO: [ app_begin ] --END-- [ RunTime:0.000648s ]
SQL: SHOW COLUMNS FROM `sxk_art` [ RunTime:0.002964s ]
SQL: SELECT * FROM `sxk_art` WHERE ( stat !=100 and fzclass=1 ) ORDER BY id LIMIT 4   [ RunTime:0.002516s ]
INFO: [ view_parse ] --START--
NOTIC: [8] Undefined variable: list D:\wamp\www\app\Runtime\Cache\0cab370dc533ba97c84fcaf918d89176.php 第 37 行.
INFO: ParseTemplate Behavior ::run [ RunTime:0.014211s ]
INFO: [ view_parse ] --END-- [ RunTime:0.014318s ]
INFO: [ view_filter ] --START--
INFO: ContentReplace Behavior ::run [ RunTime:0.000940s ]
INFO: TokenBuild Behavior ::run [ RunTime:0.000609s ]
INFO: WriteHtmlCache Behavior ::run [ RunTime:0.000255s ]
INFO: ShowRuntime Behavior ::run [ RunTime:0.000436s ]
INFO: [ view_filter ] --END-- [ RunTime:0.002466s ]
INFO: [ view_end ] --START--
INFO: ShowPageTrace Behavior ::run [ RunTime:0.000596s ]
INFO: [ view_end ] --END-- [ RunTime:0.000660s ]
SQL: SHOW COLUMNS FROM `sxk_class` [ RunTime:0.002917s ]
SQL: SELECT * FROM `sxk_class`  [ RunTime:0.000430s ]
NOTIC: [8] Constant THEME_NAME already defined D:\wamp\www\ThinkPHP\Lib\Core\View.class.php 第 221 行.
NOTIC: [8] Constant THEME_PATH already defined D:\wamp\www\ThinkPHP\Lib\Core\View.class.php 第 172 行.
NOTIC: [8] Constant APP_TMPL_PATH already defined D:\wamp\www\ThinkPHP\Lib\Core\View.class.php 第 173 行.
INFO: [ view_parse ] --START--
NOTIC: [8] Undefined index: title D:\wamp\www\app\Runtime\Cache\0cab370dc533ba97c84fcaf918d89176.php 第 37 行.
NOTIC: [8] Undefined index: title D:\wamp\www\app\Runtime\Cache\0cab370dc533ba97c84fcaf918d89176.php 第 37 行.
NOTIC: [8] Undefined index: title D:\wamp\www\app\Runtime\Cache\0cab370dc533ba97c84fcaf918d89176.php 第 37 行.
NOTIC: [8] Undefined index: title D:\wamp\www\app\Runtime\Cache\0cab370dc533ba97c84fcaf918d89176.php 第 37 行.
NOTIC: [8] Undefined index: title D:\wamp\www\app\Runtime\Cache\0cab370dc533ba97c84fcaf918d89176.php 第 37 行.
NOTIC: [8] Undefined index: title D:\wamp\www\app\Runtime\Cache\0cab370dc533ba97c84fcaf918d89176.php 第 37 行.
INFO: ParseTemplate Behavior ::run [ RunTime:0.005771s ]
INFO: [ view_parse ] --END-- [ RunTime:-0.007344s ]
INFO: [ view_filter ] --START--
INFO: ContentReplace Behavior ::run [ RunTime:0.000099s ]
INFO: TokenBuild Behavior ::run [ RunTime:0.000051s ]
INFO: WriteHtmlCache Behavior ::run [ RunTime:0.000012s ]
INFO: ShowRuntime Behavior ::run [ RunTime:0.000079s ]
INFO: [ view_filter ] --END-- [ RunTime:-0.010709s ]
INFO: [ view_end ] --START--
INFO: ShowPageTrace Behavior ::run [ RunTime:0.000062s ]
INFO: [ view_end ] --END-- [ RunTime:-0.010428s ]

[ 2014-09-19T11:30:15+08:00 ] 127.0.0.1 /app/
INFO: [ app_begin ] --START--
INFO: ReadHtmlCache Behavior ::run [ RunTime:0.000835s ]
INFO: [ app_begin ] --END-- [ RunTime:0.000955s ]
SQL: SHOW COLUMNS FROM `sxk_art` [ RunTime:0.002813s ]
SQL: SELECT * FROM `sxk_art` WHERE ( stat !=100 and fzclass=1 ) ORDER BY id LIMIT 4   [ RunTime:0.001827s ]
INFO: [ view_parse ] --START--
NOTIC: [8] Undefined variable: list D:\wamp\www\app\Runtime\Cache\0cab370dc533ba97c84fcaf918d89176.php 第 37 行.
INFO: ParseTemplate Behavior ::run [ RunTime:0.013497s ]
INFO: [ view_parse ] --END-- [ RunTime:0.013575s ]
INFO: [ view_filter ] --START--
INFO: ContentReplace Behavior ::run [ RunTime:0.000446s ]
INFO: TokenBuild Behavior ::run [ RunTime:0.000349s ]
INFO: WriteHtmlCache Behavior ::run [ RunTime:0.000273s ]
INFO: ShowRuntime Behavior ::run [ RunTime:0.000445s ]
INFO: [ view_filter ] --END-- [ RunTime:0.001677s ]
INFO: [ view_end ] --START--
INFO: ShowPageTrace Behavior ::run [ RunTime:0.000562s ]
INFO: [ view_end ] --END-- [ RunTime:0.000622s ]
SQL: SHOW COLUMNS FROM `sxk_class` [ RunTime:0.002905s ]
SQL: SELECT * FROM `sxk_class`  [ RunTime:0.000455s ]
NOTIC: [8] Constant THEME_NAME already defined D:\wamp\www\ThinkPHP\Lib\Core\View.class.php 第 221 行.
NOTIC: [8] Constant THEME_PATH already defined D:\wamp\www\ThinkPHP\Lib\Core\View.class.php 第 172 行.
NOTIC: [8] Constant APP_TMPL_PATH already defined D:\wamp\www\ThinkPHP\Lib\Core\View.class.php 第 173 行.
INFO: [ view_parse ] --START--
NOTIC: [8] Undefined index: title D:\wamp\www\app\Runtime\Cache\0cab370dc533ba97c84fcaf918d89176.php 第 37 行.
NOTIC: [8] Undefined index: title D:\wamp\www\app\Runtime\Cache\0cab370dc533ba97c84fcaf918d89176.php 第 37 行.
NOTIC: [8] Undefined index: title D:\wamp\www\app\Runtime\Cache\0cab370dc533ba97c84fcaf918d89176.php 第 37 行.
NOTIC: [8] Undefined index: title D:\wamp\www\app\Runtime\Cache\0cab370dc533ba97c84fcaf918d89176.php 第 37 行.
NOTIC: [8] Undefined index: title D:\wamp\www\app\Runtime\Cache\0cab370dc533ba97c84fcaf918d89176.php 第 37 行.
NOTIC: [8] Undefined index: title D:\wamp\www\app\Runtime\Cache\0cab370dc533ba97c84fcaf918d89176.php 第 37 行.
INFO: ParseTemplate Behavior ::run [ RunTime:0.006113s ]
INFO: [ view_parse ] --END-- [ RunTime:-0.006545s ]
INFO: [ view_filter ] --START--
INFO: ContentReplace Behavior ::run [ RunTime:0.000109s ]
INFO: TokenBuild Behavior ::run [ RunTime:0.000054s ]
INFO: WriteHtmlCache Behavior ::run [ RunTime:0.000013s ]
INFO: ShowRuntime Behavior ::run [ RunTime:0.000082s ]
INFO: [ view_filter ] --END-- [ RunTime:-0.011071s ]
INFO: [ view_end ] --START--
INFO: ShowPageTrace Behavior ::run [ RunTime:0.000042s ]
INFO: [ view_end ] --END-- [ RunTime:-0.010875s ]

[ 2014-09-19T11:30:15+08:00 ] 127.0.0.1 /app/
INFO: [ app_begin ] --START--
INFO: ReadHtmlCache Behavior ::run [ RunTime:0.000804s ]
INFO: [ app_begin ] --END-- [ RunTime:0.000901s ]
SQL: SHOW COLUMNS FROM `sxk_art` [ RunTime:0.002741s ]
SQL: SELECT * FROM `sxk_art` WHERE ( stat !=100 and fzclass=1 ) ORDER BY id LIMIT 4   [ RunTime:0.001860s ]
INFO: [ view_parse ] --START--
NOTIC: [8] Undefined variable: list D:\wamp\www\app\Runtime\Cache\0cab370dc533ba97c84fcaf918d89176.php 第 37 行.
INFO: ParseTemplate Behavior ::run [ RunTime:0.013593s ]
INFO: [ view_parse ] --END-- [ RunTime:0.013682s ]
INFO: [ view_filter ] --START--
INFO: ContentReplace Behavior ::run [ RunTime:0.000542s ]
INFO: TokenBuild Behavior ::run [ RunTime:0.000636s ]
INFO: WriteHtmlCache Behavior ::run [ RunTime:0.000506s ]
INFO: ShowRuntime Behavior ::run [ RunTime:0.000666s ]
INFO: [ view_filter ] --END-- [ RunTime:0.002584s ]
INFO: [ view_end ] --START--
INFO: ShowPageTrace Behavior ::run [ RunTime:0.000787s ]
INFO: [ view_end ] --END-- [ RunTime:0.000854s ]
SQL: SHOW COLUMNS FROM `sxk_class` [ RunTime:0.003001s ]
SQL: SELECT * FROM `sxk_class`  [ RunTime:0.000303s ]
NOTIC: [8] Constant THEME_NAME already defined D:\wamp\www\ThinkPHP\Lib\Core\View.class.php 第 221 行.
NOTIC: [8] Constant THEME_PATH already defined D:\wamp\www\ThinkPHP\Lib\Core\View.class.php 第 172 行.
NOTIC: [8] Constant APP_TMPL_PATH already defined D:\wamp\www\ThinkPHP\Lib\Core\View.class.php 第 173 行.
INFO: [ view_parse ] --START--
NOTIC: [8] Undefined index: title D:\wamp\www\app\Runtime\Cache\0cab370dc533ba97c84fcaf918d89176.php 第 37 行.
NOTIC: [8] Undefined index: title D:\wamp\www\app\Runtime\Cache\0cab370dc533ba97c84fcaf918d89176.php 第 37 行.
NOTIC: [8] Undefined index: title D:\wamp\www\app\Runtime\Cache\0cab370dc533ba97c84fcaf918d89176.php 第 37 行.
NOTIC: [8] Undefined index: title D:\wamp\www\app\Runtime\Cache\0cab370dc533ba97c84fcaf918d89176.php 第 37 行.
NOTIC: [8] Undefined index: title D:\wamp\www\app\Runtime\Cache\0cab370dc533ba97c84fcaf918d89176.php 第 37 行.
NOTIC: [8] Undefined index: title D:\wamp\www\app\Runtime\Cache\0cab370dc533ba97c84fcaf918d89176.php 第 37 行.
INFO: ParseTemplate Behavior ::run [ RunTime:0.005640s ]
INFO: [ view_parse ] --END-- [ RunTime:-0.007600s ]
INFO: [ view_filter ] --START--
INFO: ContentReplace Behavior ::run [ RunTime:0.000097s ]
INFO: TokenBuild Behavior ::run [ RunTime:0.000051s ]
INFO: WriteHtmlCache Behavior ::run [ RunTime:0.000012s ]
INFO: ShowRuntime Behavior ::run [ RunTime:0.000079s ]
INFO: [ view_filter ] --END-- [ RunTime:-0.010730s ]
INFO: [ view_end ] --START--
INFO: ShowPageTrace Behavior ::run [ RunTime:0.000064s ]
INFO: [ view_end ] --END-- [ RunTime:-0.010242s ]

[ 2014-09-19T11:30:16+08:00 ] 127.0.0.1 /app/
INFO: [ app_begin ] --START--
INFO: ReadHtmlCache Behavior ::run [ RunTime:0.000585s ]
INFO: [ app_begin ] --END-- [ RunTime:0.000674s ]
SQL: SHOW COLUMNS FROM `sxk_art` [ RunTime:0.003628s ]
SQL: SELECT * FROM `sxk_art` WHERE ( stat !=100 and fzclass=1 ) ORDER BY id LIMIT 4   [ RunTime:0.001731s ]
INFO: [ view_parse ] --START--
NOTIC: [8] Undefined variable: list D:\wamp\www\app\Runtime\Cache\0cab370dc533ba97c84fcaf918d89176.php 第 37 行.
INFO: ParseTemplate Behavior ::run [ RunTime:0.013191s ]
INFO: [ view_parse ] --END-- [ RunTime:0.013272s ]
INFO: [ view_filter ] --START--
INFO: ContentReplace Behavior ::run [ RunTime:0.000412s ]
INFO: TokenBuild Behavior ::run [ RunTime:0.000340s ]
INFO: WriteHtmlCache Behavior ::run [ RunTime:0.000270s ]
INFO: ShowRuntime Behavior ::run [ RunTime:0.000511s ]
INFO: [ view_filter ] --END-- [ RunTime:0.001705s ]
INFO: [ view_end ] --START--
INFO: ShowPageTrace Behavior ::run [ RunTime:0.000758s ]
INFO: [ view_end ] --END-- [ RunTime:0.000838s ]
SQL: SHOW COLUMNS FROM `sxk_class` [ RunTime:0.003076s ]
SQL: SELECT * FROM `sxk_class`  [ RunTime:0.000552s ]
NOTIC: [8] Constant THEME_NAME already defined D:\wamp\www\ThinkPHP\Lib\Core\View.class.php 第 221 行.
NOTIC: [8] Constant THEME_PATH already defined D:\wamp\www\ThinkPHP\Lib\Core\View.class.php 第 172 行.
NOTIC: [8] Constant APP_TMPL_PATH already defined D:\wamp\www\ThinkPHP\Lib\Core\View.class.php 第 173 行.
INFO: [ view_parse ] --START--
NOTIC: [8] Undefined index: title D:\wamp\www\app\Runtime\Cache\0cab370dc533ba97c84fcaf918d89176.php 第 37 行.
NOTIC: [8] Undefined index: title D:\wamp\www\app\Runtime\Cache\0cab370dc533ba97c84fcaf918d89176.php 第 37 行.
NOTIC: [8] Undefined index: title D:\wamp\www\app\Runtime\Cache\0cab370dc533ba97c84fcaf918d89176.php 第 37 行.
NOTIC: [8] Undefined index: title D:\wamp\www\app\Runtime\Cache\0cab370dc533ba97c84fcaf918d89176.php 第 37 行.
NOTIC: [8] Undefined index: title D:\wamp\www\app\Runtime\Cache\0cab370dc533ba97c84fcaf918d89176.php 第 37 行.
NOTIC: [8] Undefined index: title D:\wamp\www\app\Runtime\Cache\0cab370dc533ba97c84fcaf918d89176.php 第 37 行.
INFO: ParseTemplate Behavior ::run [ RunTime:0.005659s ]
INFO: [ view_parse ] --END-- [ RunTime:-0.007068s ]
INFO: [ view_filter ] --START--
INFO: ContentReplace Behavior ::run [ RunTime:0.000099s ]
INFO: TokenBuild Behavior ::run [ RunTime:0.000054s ]
INFO: WriteHtmlCache Behavior ::run [ RunTime:0.000012s ]
INFO: ShowRuntime Behavior ::run [ RunTime:0.000191s ]
INFO: [ view_filter ] --END-- [ RunTime:-0.011100s ]
INFO: [ view_end ] --START--
INFO: ShowPageTrace Behavior ::run [ RunTime:0.000073s ]
INFO: [ view_end ] --END-- [ RunTime:-0.010897s ]

[ 2014-09-19T11:30:16+08:00 ] 127.0.0.1 /app/
INFO: [ app_begin ] --START--
INFO: ReadHtmlCache Behavior ::run [ RunTime:0.000603s ]
INFO: [ app_begin ] --END-- [ RunTime:0.000699s ]
SQL: SHOW COLUMNS FROM `sxk_art` [ RunTime:0.003571s ]
SQL: SELECT * FROM `sxk_art` WHERE ( stat !=100 and fzclass=1 ) ORDER BY id LIMIT 4   [ RunTime:0.003232s ]
INFO: [ view_parse ] --START--
NOTIC: [8] Undefined variable: list D:\wamp\www\app\Runtime\Cache\0cab370dc533ba97c84fcaf918d89176.php 第 37 行.
INFO: ParseTemplate Behavior ::run [ RunTime:0.013997s ]
INFO: [ view_parse ] --END-- [ RunTime:0.014079s ]
INFO: [ view_filter ] --START--
INFO: ContentReplace Behavior ::run [ RunTime:0.000492s ]
INFO: TokenBuild Behavior ::run [ RunTime:0.000412s ]
INFO: WriteHtmlCache Behavior ::run [ RunTime:0.001782s ]
INFO: ShowRuntime Behavior ::run [ RunTime:0.000534s ]
INFO: [ view_filter ] --END-- [ RunTime:0.003442s ]
INFO: [ view_end ] --START--
INFO: ShowPageTrace Behavior ::run [ RunTime:0.000599s ]
INFO: [ view_end ] --END-- [ RunTime:0.000663s ]
SQL: SHOW COLUMNS FROM `sxk_class` [ RunTime:0.003124s ]
SQL: SELECT * FROM `sxk_class`  [ RunTime:0.000607s ]
NOTIC: [8] Constant THEME_NAME already defined D:\wamp\www\ThinkPHP\Lib\Core\View.class.php 第 221 行.
NOTIC: [8] Constant THEME_PATH already defined D:\wamp\www\ThinkPHP\Lib\Core\View.class.php 第 172 行.
NOTIC: [8] Constant APP_TMPL_PATH already defined D:\wamp\www\ThinkPHP\Lib\Core\View.class.php 第 173 行.
INFO: [ view_parse ] --START--
NOTIC: [8] Undefined index: title D:\wamp\www\app\Runtime\Cache\0cab370dc533ba97c84fcaf918d89176.php 第 37 行.
NOTIC: [8] Undefined index: title D:\wamp\www\app\Runtime\Cache\0cab370dc533ba97c84fcaf918d89176.php 第 37 行.
NOTIC: [8] Undefined index: title D:\wamp\www\app\Runtime\Cache\0cab370dc533ba97c84fcaf918d89176.php 第 37 行.
NOTIC: [8] Undefined index: title D:\wamp\www\app\Runtime\Cache\0cab370dc533ba97c84fcaf918d89176.php 第 37 行.
NOTIC: [8] Undefined index: title D:\wamp\www\app\Runtime\Cache\0cab370dc533ba97c84fcaf918d89176.php 第 37 行.
NOTIC: [8] Undefined index: title D:\wamp\www\app\Runtime\Cache\0cab370dc533ba97c84fcaf918d89176.php 第 37 行.
INFO: ParseTemplate Behavior ::run [ RunTime:0.006476s ]
INFO: [ view_parse ] --END-- [ RunTime:-0.009205s ]
INFO: [ view_filter ] --START--
INFO: ContentReplace Behavior ::run [ RunTime:0.000106s ]
INFO: TokenBuild Behavior ::run [ RunTime:0.000056s ]
INFO: WriteHtmlCache Behavior ::run [ RunTime:0.000012s ]
INFO: ShowRuntime Behavior ::run [ RunTime:0.000082s ]
INFO: [ view_filter ] --END-- [ RunTime:-0.011955s ]
INFO: [ view_end ] --START--
INFO: ShowPageTrace Behavior ::run [ RunTime:0.000040s ]
INFO: [ view_end ] --END-- [ RunTime:-0.011683s ]

[ 2014-09-19T11:30:24+08:00 ] 127.0.0.1 /app/
INFO: [ app_begin ] --START--
INFO: ReadHtmlCache Behavior ::run [ RunTime:0.000576s ]
INFO: [ app_begin ] --END-- [ RunTime:0.000666s ]
SQL: SHOW COLUMNS FROM `sxk_class` [ RunTime:0.003405s ]
SQL: SELECT * FROM `sxk_class`  [ RunTime:0.000556s ]
INFO: [ view_parse ] --START--
NOTIC: [8] Undefined index: title D:\wamp\www\app\Runtime\Cache\0cab370dc533ba97c84fcaf918d89176.php 第 37 行.
NOTIC: [8] Undefined index: title D:\wamp\www\app\Runtime\Cache\0cab370dc533ba97c84fcaf918d89176.php 第 37 行.
NOTIC: [8] Undefined index: title D:\wamp\www\app\Runtime\Cache\0cab370dc533ba97c84fcaf918d89176.php 第 37 行.
NOTIC: [8] Undefined index: title D:\wamp\www\app\Runtime\Cache\0cab370dc533ba97c84fcaf918d89176.php 第 37 行.
NOTIC: [8] Undefined index: title D:\wamp\www\app\Runtime\Cache\0cab370dc533ba97c84fcaf918d89176.php 第 37 行.
NOTIC: [8] Undefined index: title D:\wamp\www\app\Runtime\Cache\0cab370dc533ba97c84fcaf918d89176.php 第 37 行.
NOTIC: [8] Undefined variable: data D:\wamp\www\app\Runtime\Cache\0cab370dc533ba97c84fcaf918d89176.php 第 52 行.
NOTIC: [8] Undefined variable: data D:\wamp\www\app\Runtime\Cache\0cab370dc533ba97c84fcaf918d89176.php 第 55 行.
INFO: ParseTemplate Behavior ::run [ RunTime:0.013364s ]
INFO: [ view_parse ] --END-- [ RunTime:0.013452s ]
INFO: [ view_filter ] --START--
INFO: ContentReplace Behavior ::run [ RunTime:0.000536s ]
INFO: TokenBuild Behavior ::run [ RunTime:0.000457s ]
INFO: WriteHtmlCache Behavior ::run [ RunTime:0.000344s ]
INFO: ShowRuntime Behavior ::run [ RunTime:0.000500s ]
INFO: [ view_filter ] --END-- [ RunTime:0.002058s ]
INFO: [ view_end ] --START--
INFO: ShowPageTrace Behavior ::run [ RunTime:0.000605s ]
INFO: [ view_end ] --END-- [ RunTime:0.000664s ]

[ 2014-09-19T11:30:26+08:00 ] 127.0.0.1 /app/
INFO: [ app_begin ] --START--
INFO: ReadHtmlCache Behavior ::run [ RunTime:0.001159s ]
INFO: [ app_begin ] --END-- [ RunTime:0.001322s ]
SQL: SHOW COLUMNS FROM `sxk_class` [ RunTime:0.002591s ]
SQL: SELECT * FROM `sxk_class`  [ RunTime:0.000532s ]
INFO: [ view_parse ] --START--
NOTIC: [8] Undefined index: title D:\wamp\www\app\Runtime\Cache\0cab370dc533ba97c84fcaf918d89176.php 第 37 行.
NOTIC: [8] Undefined index: title D:\wamp\www\app\Runtime\Cache\0cab370dc533ba97c84fcaf918d89176.php 第 37 行.
NOTIC: [8] Undefined index: title D:\wamp\www\app\Runtime\Cache\0cab370dc533ba97c84fcaf918d89176.php 第 37 行.
NOTIC: [8] Undefined index: title D:\wamp\www\app\Runtime\Cache\0cab370dc533ba97c84fcaf918d89176.php 第 37 行.
NOTIC: [8] Undefined index: title D:\wamp\www\app\Runtime\Cache\0cab370dc533ba97c84fcaf918d89176.php 第 37 行.
NOTIC: [8] Undefined index: title D:\wamp\www\app\Runtime\Cache\0cab370dc533ba97c84fcaf918d89176.php 第 37 行.
NOTIC: [8] Undefined variable: data D:\wamp\www\app\Runtime\Cache\0cab370dc533ba97c84fcaf918d89176.php 第 52 行.
NOTIC: [8] Undefined variable: data D:\wamp\www\app\Runtime\Cache\0cab370dc533ba97c84fcaf918d89176.php 第 55 行.
INFO: ParseTemplate Behavior ::run [ RunTime:0.013852s ]
INFO: [ view_parse ] --END-- [ RunTime:0.013928s ]
INFO: [ view_filter ] --START--
INFO: ContentReplace Behavior ::run [ RunTime:0.000399s ]
INFO: TokenBuild Behavior ::run [ RunTime:0.000339s ]
INFO: WriteHtmlCache Behavior ::run [ RunTime:0.000232s ]
INFO: ShowRuntime Behavior ::run [ RunTime:0.000437s ]
INFO: [ view_filter ] --END-- [ RunTime:0.001560s ]
INFO: [ view_end ] --START--
INFO: ShowPageTrace Behavior ::run [ RunTime:0.000560s ]
INFO: [ view_end ] --END-- [ RunTime:0.000618s ]

[ 2014-09-19T11:30:59+08:00 ] 127.0.0.1 /app/
INFO: [ app_begin ] --START--
INFO: ReadHtmlCache Behavior ::run [ RunTime:0.000633s ]
INFO: [ app_begin ] --END-- [ RunTime:0.000734s ]
SQL: SHOW COLUMNS FROM `sxk_class` [ RunTime:0.003407s ]
SQL: SELECT * FROM `sxk_class`  [ RunTime:0.000782s ]
INFO: [ view_parse ] --START--
NOTIC: [8] Undefined variable: data D:\wamp\www\app\Runtime\Cache\0cab370dc533ba97c84fcaf918d89176.php 第 52 行.
NOTIC: [8] Undefined variable: data D:\wamp\www\app\Runtime\Cache\0cab370dc533ba97c84fcaf918d89176.php 第 55 行.
INFO: ParseTemplate Behavior ::run [ RunTime:0.015414s ]
INFO: [ view_parse ] --END-- [ RunTime:0.015491s ]
INFO: [ view_filter ] --START--
INFO: ContentReplace Behavior ::run [ RunTime:0.000827s ]
INFO: TokenBuild Behavior ::run [ RunTime:0.001157s ]
INFO: WriteHtmlCache Behavior ::run [ RunTime:0.000314s ]
INFO: ShowRuntime Behavior ::run [ RunTime:0.000435s ]
INFO: [ view_filter ] --END-- [ RunTime:0.002913s ]
INFO: [ view_end ] --START--
INFO: ShowPageTrace Behavior ::run [ RunTime:0.000559s ]
INFO: [ view_end ] --END-- [ RunTime:0.000617s ]

[ 2014-09-19T11:31:12+08:00 ] 127.0.0.1 /app/
INFO: [ app_begin ] --START--
INFO: ReadHtmlCache Behavior ::run [ RunTime:0.001031s ]
INFO: [ app_begin ] --END-- [ RunTime:0.001206s ]
SQL: SHOW COLUMNS FROM `sxk_art` [ RunTime:0.003072s ]
SQL: SELECT * FROM `sxk_art` WHERE ( stat !=100 and fzclass=1 ) ORDER BY id LIMIT 4   [ RunTime:0.001498s ]
INFO: [ view_parse ] --START--
NOTIC: [8] Undefined variable: list D:\wamp\www\app\Runtime\Cache\0cab370dc533ba97c84fcaf918d89176.php 第 37 行.
INFO: ParseTemplate Behavior ::run [ RunTime:0.012799s ]
INFO: [ view_parse ] --END-- [ RunTime:0.012873s ]
INFO: [ view_filter ] --START--
INFO: ContentReplace Behavior ::run [ RunTime:0.000417s ]
INFO: TokenBuild Behavior ::run [ RunTime:0.000343s ]
INFO: WriteHtmlCache Behavior ::run [ RunTime:0.000232s ]
INFO: ShowRuntime Behavior ::run [ RunTime:0.000506s ]
INFO: [ view_filter ] --END-- [ RunTime:0.001663s ]
INFO: [ view_end ] --START--
INFO: ShowPageTrace Behavior ::run [ RunTime:0.000733s ]
INFO: [ view_end ] --END-- [ RunTime:0.000812s ]
SQL: SHOW COLUMNS FROM `sxk_class` [ RunTime:0.003179s ]
SQL: SELECT * FROM `sxk_class`  [ RunTime:0.000260s ]
NOTIC: [8] Constant THEME_NAME already defined D:\wamp\www\ThinkPHP\Lib\Core\View.class.php 第 221 行.
NOTIC: [8] Constant THEME_PATH already defined D:\wamp\www\ThinkPHP\Lib\Core\View.class.php 第 172 行.
NOTIC: [8] Constant APP_TMPL_PATH already defined D:\wamp\www\ThinkPHP\Lib\Core\View.class.php 第 173 行.
INFO: [ view_parse ] --START--
INFO: ParseTemplate Behavior ::run [ RunTime:0.005735s ]
INFO: [ view_parse ] --END-- [ RunTime:-0.006817s ]
INFO: [ view_filter ] --START--
INFO: ContentReplace Behavior ::run [ RunTime:0.000102s ]
INFO: TokenBuild Behavior ::run [ RunTime:0.000051s ]
INFO: WriteHtmlCache Behavior ::run [ RunTime:0.000012s ]
INFO: ShowRuntime Behavior ::run [ RunTime:0.000080s ]
INFO: [ view_filter ] --END-- [ RunTime:-0.011002s ]
INFO: [ view_end ] --START--
INFO: ShowPageTrace Behavior ::run [ RunTime:0.000042s ]
INFO: [ view_end ] --END-- [ RunTime:-0.010567s ]

[ 2014-09-19T11:31:13+08:00 ] 127.0.0.1 /app/
INFO: [ app_begin ] --START--
INFO: ReadHtmlCache Behavior ::run [ RunTime:0.001207s ]
INFO: [ app_begin ] --END-- [ RunTime:0.001372s ]
SQL: SHOW COLUMNS FROM `sxk_art` [ RunTime:0.004199s ]
SQL: SELECT * FROM `sxk_art` WHERE ( stat !=100 and fzclass=1 ) ORDER BY id LIMIT 4   [ RunTime:0.001792s ]
INFO: [ view_parse ] --START--
NOTIC: [8] Undefined variable: list D:\wamp\www\app\Runtime\Cache\0cab370dc533ba97c84fcaf918d89176.php 第 37 行.
INFO: ParseTemplate Behavior ::run [ RunTime:0.013602s ]
INFO: [ view_parse ] --END-- [ RunTime:0.013685s ]
INFO: [ view_filter ] --START--
INFO: ContentReplace Behavior ::run [ RunTime:0.000548s ]
INFO: TokenBuild Behavior ::run [ RunTime:0.000693s ]
INFO: WriteHtmlCache Behavior ::run [ RunTime:0.000371s ]
INFO: ShowRuntime Behavior ::run [ RunTime:0.000486s ]
INFO: [ view_filter ] --END-- [ RunTime:0.002309s ]
INFO: [ view_end ] --START--
INFO: ShowPageTrace Behavior ::run [ RunTime:0.000583s ]
INFO: [ view_end ] --END-- [ RunTime:0.000642s ]
SQL: SHOW COLUMNS FROM `sxk_class` [ RunTime:0.002830s ]
SQL: SELECT * FROM `sxk_class`  [ RunTime:0.000354s ]
NOTIC: [8] Constant THEME_NAME already defined D:\wamp\www\ThinkPHP\Lib\Core\View.class.php 第 221 行.
NOTIC: [8] Constant THEME_PATH already defined D:\wamp\www\ThinkPHP\Lib\Core\View.class.php 第 172 行.
NOTIC: [8] Constant APP_TMPL_PATH already defined D:\wamp\www\ThinkPHP\Lib\Core\View.class.php 第 173 行.
INFO: [ view_parse ] --START--
INFO: ParseTemplate Behavior ::run [ RunTime:0.005344s ]
INFO: [ view_parse ] --END-- [ RunTime:-0.007017s ]
INFO: [ view_filter ] --START--
INFO: ContentReplace Behavior ::run [ RunTime:0.000099s ]
INFO: TokenBuild Behavior ::run [ RunTime:0.000052s ]
INFO: WriteHtmlCache Behavior ::run [ RunTime:0.000012s ]
INFO: ShowRuntime Behavior ::run [ RunTime:0.000080s ]
INFO: [ view_filter ] --END-- [ RunTime:-0.010152s ]
INFO: [ view_end ] --START--
INFO: ShowPageTrace Behavior ::run [ RunTime:0.000040s ]
INFO: [ view_end ] --END-- [ RunTime:-0.009885s ]

[ 2014-09-19T11:31:14+08:00 ] 127.0.0.1 /app/
INFO: [ app_begin ] --START--
INFO: ReadHtmlCache Behavior ::run [ RunTime:0.000600s ]
INFO: [ app_begin ] --END-- [ RunTime:0.000689s ]
SQL: SHOW COLUMNS FROM `sxk_art` [ RunTime:0.004296s ]
SQL: SELECT * FROM `sxk_art` WHERE ( stat !=100 and fzclass=1 ) ORDER BY id LIMIT 4   [ RunTime:0.002533s ]
INFO: [ view_parse ] --START--
NOTIC: [8] Undefined variable: list D:\wamp\www\app\Runtime\Cache\0cab370dc533ba97c84fcaf918d89176.php 第 37 行.
INFO: ParseTemplate Behavior ::run [ RunTime:0.013354s ]
INFO: [ view_parse ] --END-- [ RunTime:0.013433s ]
INFO: [ view_filter ] --START--
INFO: ContentReplace Behavior ::run [ RunTime:0.000413s ]
INFO: TokenBuild Behavior ::run [ RunTime:0.000379s ]
INFO: WriteHtmlCache Behavior ::run [ RunTime:0.000244s ]
INFO: ShowRuntime Behavior ::run [ RunTime:0.000429s ]
INFO: [ view_filter ] --END-- [ RunTime:0.001625s ]
INFO: [ view_end ] --START--
INFO: ShowPageTrace Behavior ::run [ RunTime:0.000581s ]
INFO: [ view_end ] --END-- [ RunTime:0.000641s ]
SQL: SHOW COLUMNS FROM `sxk_class` [ RunTime:0.003210s ]
SQL: SELECT * FROM `sxk_class`  [ RunTime:0.000740s ]
NOTIC: [8] Constant THEME_NAME already defined D:\wamp\www\ThinkPHP\Lib\Core\View.class.php 第 221 行.
NOTIC: [8] Constant THEME_PATH already defined D:\wamp\www\ThinkPHP\Lib\Core\View.class.php 第 172 行.
NOTIC: [8] Constant APP_TMPL_PATH already defined D:\wamp\www\ThinkPHP\Lib\Core\View.class.php 第 173 行.
INFO: [ view_parse ] --START--
INFO: ParseTemplate Behavior ::run [ RunTime:0.005972s ]
INFO: [ view_parse ] --END-- [ RunTime:-0.007197s ]
INFO: [ view_filter ] --START--
INFO: ContentReplace Behavior ::run [ RunTime:0.000108s ]
INFO: TokenBuild Behavior ::run [ RunTime:0.000052s ]
INFO: WriteHtmlCache Behavior ::run [ RunTime:0.000012s ]
INFO: ShowRuntime Behavior ::run [ RunTime:0.000089s ]
INFO: [ view_filter ] --END-- [ RunTime:-0.011674s ]
INFO: [ view_end ] --START--
INFO: ShowPageTrace Behavior ::run [ RunTime:0.000041s ]
INFO: [ view_end ] --END-- [ RunTime:-0.011438s ]

[ 2014-09-19T11:31:14+08:00 ] 127.0.0.1 /app/
INFO: [ app_begin ] --START--
INFO: ReadHtmlCache Behavior ::run [ RunTime:0.000964s ]
INFO: [ app_begin ] --END-- [ RunTime:0.001136s ]
SQL: SHOW COLUMNS FROM `sxk_art` [ RunTime:0.003247s ]
SQL: SELECT * FROM `sxk_art` WHERE ( stat !=100 and fzclass=1 ) ORDER BY id LIMIT 4   [ RunTime:0.003312s ]
INFO: [ view_parse ] --START--
NOTIC: [8] Undefined variable: list D:\wamp\www\app\Runtime\Cache\0cab370dc533ba97c84fcaf918d89176.php 第 37 行.
INFO: ParseTemplate Behavior ::run [ RunTime:0.014311s ]
INFO: [ view_parse ] --END-- [ RunTime:0.014389s ]
INFO: [ view_filter ] --START--
INFO: ContentReplace Behavior ::run [ RunTime:0.000559s ]
INFO: TokenBuild Behavior ::run [ RunTime:0.000389s ]
INFO: WriteHtmlCache Behavior ::run [ RunTime:0.000238s ]
INFO: ShowRuntime Behavior ::run [ RunTime:0.000646s ]
INFO: [ view_filter ] --END-- [ RunTime:0.002017s ]
INFO: [ view_end ] --START--
INFO: ShowPageTrace Behavior ::run [ RunTime:0.000771s ]
INFO: [ view_end ] --END-- [ RunTime:0.000853s ]
SQL: SHOW COLUMNS FROM `sxk_class` [ RunTime:0.003054s ]
SQL: SELECT * FROM `sxk_class`  [ RunTime:0.000524s ]
NOTIC: [8] Constant THEME_NAME already defined D:\wamp\www\ThinkPHP\Lib\Core\View.class.php 第 221 行.
NOTIC: [8] Constant THEME_PATH already defined D:\wamp\www\ThinkPHP\Lib\Core\View.class.php 第 172 行.
NOTIC: [8] Constant APP_TMPL_PATH already defined D:\wamp\www\ThinkPHP\Lib\Core\View.class.php 第 173 行.
INFO: [ view_parse ] --START--
INFO: ParseTemplate Behavior ::run [ RunTime:0.005479s ]
INFO: [ view_parse ] --END-- [ RunTime:-0.007355s ]
INFO: [ view_filter ] --START--
INFO: ContentReplace Behavior ::run [ RunTime:0.000101s ]
INFO: TokenBuild Behavior ::run [ RunTime:0.000052s ]
INFO: WriteHtmlCache Behavior ::run [ RunTime:0.000012s ]
INFO: ShowRuntime Behavior ::run [ RunTime:0.000081s ]
INFO: [ view_filter ] --END-- [ RunTime:-0.010925s ]
INFO: [ view_end ] --START--
INFO: ShowPageTrace Behavior ::run [ RunTime:0.000038s ]
INFO: [ view_end ] --END-- [ RunTime:-0.010449s ]

[ 2014-09-19T11:31:14+08:00 ] 127.0.0.1 /app/
INFO: [ app_begin ] --START--
INFO: ReadHtmlCache Behavior ::run [ RunTime:0.000660s ]
INFO: [ app_begin ] --END-- [ RunTime:0.000767s ]
SQL: SHOW COLUMNS FROM `sxk_art` [ RunTime:0.003147s ]
SQL: SELECT * FROM `sxk_art` WHERE ( stat !=100 and fzclass=1 ) ORDER BY id LIMIT 4   [ RunTime:0.001869s ]
INFO: [ view_parse ] --START--
NOTIC: [8] Undefined variable: list D:\wamp\www\app\Runtime\Cache\0cab370dc533ba97c84fcaf918d89176.php 第 37 行.
INFO: ParseTemplate Behavior ::run [ RunTime:0.014917s ]
INFO: [ view_parse ] --END-- [ RunTime:0.014995s ]
INFO: [ view_filter ] --START--
INFO: ContentReplace Behavior ::run [ RunTime:0.000412s ]
INFO: TokenBuild Behavior ::run [ RunTime:0.000339s ]
INFO: WriteHtmlCache Behavior ::run [ RunTime:0.000231s ]
INFO: ShowRuntime Behavior ::run [ RunTime:0.000426s ]
INFO: [ view_filter ] --END-- [ RunTime:0.001564s ]
INFO: [ view_end ] --START--
INFO: ShowPageTrace Behavior ::run [ RunTime:0.000547s ]
INFO: [ view_end ] --END-- [ RunTime:0.000606s ]
SQL: SHOW COLUMNS FROM `sxk_class` [ RunTime:0.003412s ]
SQL: SELECT * FROM `sxk_class`  [ RunTime:0.000490s ]
NOTIC: [8] Constant THEME_NAME already defined D:\wamp\www\ThinkPHP\Lib\Core\View.class.php 第 221 行.
NOTIC: [8] Constant THEME_PATH already defined D:\wamp\www\ThinkPHP\Lib\Core\View.class.php 第 172 行.
NOTIC: [8] Constant APP_TMPL_PATH already defined D:\wamp\www\ThinkPHP\Lib\Core\View.class.php 第 173 行.
INFO: [ view_parse ] --START--
INFO: ParseTemplate Behavior ::run [ RunTime:0.005464s ]
INFO: [ view_parse ] --END-- [ RunTime:-0.007080s ]
INFO: [ view_filter ] --START--
INFO: ContentReplace Behavior ::run [ RunTime:0.000098s ]
INFO: TokenBuild Behavior ::run [ RunTime:0.000051s ]
INFO: WriteHtmlCache Behavior ::run [ RunTime:0.000012s ]
INFO: ShowRuntime Behavior ::run [ RunTime:0.000082s ]
INFO: [ view_filter ] --END-- [ RunTime:-0.011089s ]
INFO: [ view_end ] --START--
INFO: ShowPageTrace Behavior ::run [ RunTime:0.000040s ]
INFO: [ view_end ] --END-- [ RunTime:-0.010865s ]

[ 2014-09-19T11:31:22+08:00 ] 127.0.0.1 /app/
INFO: [ app_begin ] --START--
INFO: ReadHtmlCache Behavior ::run [ RunTime:0.001011s ]
INFO: [ app_begin ] --END-- [ RunTime:0.001186s ]
SQL: SHOW COLUMNS FROM `sxk_art` [ RunTime:0.002872s ]
SQL: SELECT * FROM `sxk_art` WHERE ( stat !=100 and fzclass=1 ) ORDER BY id LIMIT 4   [ RunTime:0.001471s ]
SQL: SHOW COLUMNS FROM `sxk_class` [ RunTime:0.002688s ]
SQL: SELECT * FROM `sxk_class`  [ RunTime:0.000605s ]
INFO: [ view_parse ] --START--
INFO: ParseTemplate Behavior ::run [ RunTime:0.012936s ]
INFO: [ view_parse ] --END-- [ RunTime:0.013045s ]
INFO: [ view_filter ] --START--
INFO: ContentReplace Behavior ::run [ RunTime:0.000406s ]
INFO: TokenBuild Behavior ::run [ RunTime:0.000351s ]
INFO: WriteHtmlCache Behavior ::run [ RunTime:0.000233s ]
INFO: ShowRuntime Behavior ::run [ RunTime:0.000447s ]
INFO: [ view_filter ] --END-- [ RunTime:0.001598s ]
INFO: [ view_end ] --START--
INFO: ShowPageTrace Behavior ::run [ RunTime:0.000563s ]
INFO: [ view_end ] --END-- [ RunTime:0.000621s ]

[ 2014-09-19T11:34:44+08:00 ] 127.0.0.1 /app/
INFO: [ app_begin ] --START--
INFO: ReadHtmlCache Behavior ::run [ RunTime:0.000982s ]
INFO: [ app_begin ] --END-- [ RunTime:0.001097s ]
SQL: SHOW COLUMNS FROM `sxk_art` [ RunTime:0.002632s ]
SQL: SELECT * FROM `sxk_art` WHERE ( stat !=100 and fzclass=1 ) ORDER BY id LIMIT 4   [ RunTime:0.002393s ]
SQL: SHOW COLUMNS FROM `sxk_class` [ RunTime:0.003090s ]
SQL: SELECT * FROM `sxk_class`  [ RunTime:0.000294s ]
SQL: SELECT * FROM `sxk_art` WHERE ( stat !=100 and fzclass=2 ) ORDER BY id LIMIT 12   [ RunTime:0.002474s ]
INFO: [ view_parse ] --START--
INFO: ParseTemplate Behavior ::run [ RunTime:0.013913s ]
INFO: [ view_parse ] --END-- [ RunTime:0.014004s ]
INFO: [ view_filter ] --START--
INFO: ContentReplace Behavior ::run [ RunTime:0.000699s ]
INFO: TokenBuild Behavior ::run [ RunTime:0.000478s ]
INFO: WriteHtmlCache Behavior ::run [ RunTime:0.000404s ]
INFO: ShowRuntime Behavior ::run [ RunTime:0.000540s ]
INFO: [ view_filter ] --END-- [ RunTime:0.002301s ]
INFO: [ view_end ] --START--
INFO: ShowPageTrace Behavior ::run [ RunTime:0.000703s ]
INFO: [ view_end ] --END-- [ RunTime:0.000760s ]

[ 2014-09-19T11:34:47+08:00 ] 127.0.0.1 /app/
INFO: [ app_begin ] --START--
INFO: ReadHtmlCache Behavior ::run [ RunTime:0.000795s ]
INFO: [ app_begin ] --END-- [ RunTime:0.000883s ]
SQL: SHOW COLUMNS FROM `sxk_art` [ RunTime:0.003715s ]
SQL: SELECT * FROM `sxk_art` WHERE ( stat !=100 and fzclass=1 ) ORDER BY id LIMIT 4   [ RunTime:0.002978s ]
SQL: SHOW COLUMNS FROM `sxk_class` [ RunTime:0.002532s ]
SQL: SELECT * FROM `sxk_class`  [ RunTime:0.000331s ]
SQL: SELECT * FROM `sxk_art` WHERE ( stat !=100 and fzclass=2 ) ORDER BY id LIMIT 12   [ RunTime:0.002731s ]
INFO: [ view_parse ] --START--
INFO: ParseTemplate Behavior ::run [ RunTime:0.014079s ]
INFO: [ view_parse ] --END-- [ RunTime:0.014168s ]
INFO: [ view_filter ] --START--
INFO: ContentReplace Behavior ::run [ RunTime:0.000494s ]
INFO: TokenBuild Behavior ::run [ RunTime:0.000438s ]
INFO: WriteHtmlCache Behavior ::run [ RunTime:0.000332s ]
INFO: ShowRuntime Behavior ::run [ RunTime:0.000509s ]
INFO: [ view_filter ] --END-- [ RunTime:0.001933s ]
INFO: [ view_end ] --START--
INFO: ShowPageTrace Behavior ::run [ RunTime:0.000672s ]
INFO: [ view_end ] --END-- [ RunTime:0.000727s ]

[ 2014-09-19T11:36:55+08:00 ] 127.0.0.1 /app/
INFO: [ app_begin ] --START--
INFO: ReadHtmlCache Behavior ::run [ RunTime:0.000913s ]
INFO: [ app_begin ] --END-- [ RunTime:0.001012s ]
SQL: SHOW COLUMNS FROM `sxk_art` [ RunTime:0.003279s ]
SQL: SELECT * FROM `sxk_art` WHERE ( stat !=100 and fzclass=1 ) ORDER BY id LIMIT 4   [ RunTime:0.003384s ]
SQL: SHOW COLUMNS FROM `sxk_class` [ RunTime:0.004190s ]
SQL: SELECT * FROM `sxk_class`  [ RunTime:0.000806s ]
SQL: SELECT * FROM `sxk_art` WHERE ( stat !=100 and fzclass=2 ) ORDER BY id LIMIT 12   [ RunTime:0.002938s ]
INFO: [ view_parse ] --START--

[ 2014-09-19T11:37:00+08:00 ] 127.0.0.1 /app/
INFO: [ app_begin ] --START--
INFO: ReadHtmlCache Behavior ::run [ RunTime:0.000611s ]
INFO: [ app_begin ] --END-- [ RunTime:0.000701s ]
SQL: SHOW COLUMNS FROM `sxk_art` [ RunTime:0.003390s ]
SQL: SELECT * FROM `sxk_art` WHERE ( stat !=100 and fzclass=1 ) ORDER BY id LIMIT 4   [ RunTime:0.002167s ]
SQL: SHOW COLUMNS FROM `sxk_class` [ RunTime:0.002731s ]
SQL: SELECT * FROM `sxk_class`  [ RunTime:0.000388s ]
SQL: SELECT * FROM `sxk_art` WHERE ( stat !=100 and fzclass=2 ) ORDER BY id LIMIT 12   [ RunTime:0.002676s ]
INFO: [ view_parse ] --START--

[ 2014-09-19T11:38:44+08:00 ] 127.0.0.1 /app/
INFO: [ app_begin ] --START--
INFO: ReadHtmlCache Behavior ::run [ RunTime:0.000586s ]
INFO: [ app_begin ] --END-- [ RunTime:0.000676s ]
SQL: SHOW COLUMNS FROM `sxk_art` [ RunTime:0.002687s ]
SQL: SELECT * FROM `sxk_art` WHERE ( stat !=100 and fzclass=1 ) ORDER BY id LIMIT 4   [ RunTime:0.001600s ]
SQL: SHOW COLUMNS FROM `sxk_class` [ RunTime:0.002519s ]
SQL: SELECT * FROM `sxk_class`  [ RunTime:0.000286s ]
SQL: SELECT * FROM `sxk_art` WHERE ( stat !=100 and fzclass=2 ) ORDER BY id LIMIT 12   [ RunTime:0.002078s ]
INFO: [ view_parse ] --START--

[ 2014-09-19T11:40:35+08:00 ] 127.0.0.1 /app/
INFO: [ app_begin ] --START--
INFO: ReadHtmlCache Behavior ::run [ RunTime:0.000907s ]
INFO: [ app_begin ] --END-- [ RunTime:0.001026s ]
SQL: SHOW COLUMNS FROM `sxk_art` [ RunTime:0.003852s ]
SQL: SELECT * FROM `sxk_art` WHERE ( stat !=100 and fzclass=1 ) ORDER BY id LIMIT 4   [ RunTime:0.001688s ]
SQL: SHOW COLUMNS FROM `sxk_class` [ RunTime:0.002785s ]
SQL: SELECT * FROM `sxk_class`  [ RunTime:0.000438s ]
SQL: SELECT * FROM `sxk_art` WHERE ( stat !=100 and fzclass=2 ) ORDER BY id LIMIT 12   [ RunTime:0.002192s ]
INFO: [ view_parse ] --START--

[ 2014-09-19T11:40:46+08:00 ] 127.0.0.1 /app/
INFO: [ app_begin ] --START--
INFO: ReadHtmlCache Behavior ::run [ RunTime:0.000575s ]
INFO: [ app_begin ] --END-- [ RunTime:0.000662s ]

[ 2014-09-19T11:40:48+08:00 ] 127.0.0.1 /app/
INFO: [ app_begin ] --START--
INFO: ReadHtmlCache Behavior ::run [ RunTime:0.004554s ]
INFO: [ app_begin ] --END-- [ RunTime:0.004658s ]

[ 2014-09-19T15:08:42+08:00 ] 127.0.0.1 /app/
INFO: [ app_begin ] --START--
INFO: ReadHtmlCache Behavior ::run [ RunTime:0.000827s ]
INFO: [ app_begin ] --END-- [ RunTime:0.000933s ]
SQL: SHOW COLUMNS FROM `sxk_art` [ RunTime:0.003797s ]
SQL: SELECT * FROM `sxk_art` WHERE ( stat !=100 and fzclass=1 ) ORDER BY id LIMIT 4   [ RunTime:0.002078s ]
SQL: SHOW COLUMNS FROM `sxk_class` [ RunTime:0.003565s ]
SQL: SELECT * FROM `sxk_class`  [ RunTime:0.000334s ]
SQL: SELECT * FROM `sxk_art` WHERE ( stat !=100 and fzclass=2 ) ORDER BY id LIMIT 12   [ RunTime:0.003210s ]
INFO: [ view_parse ] --START--
INFO: ParseTemplate Behavior ::run [ RunTime:0.014066s ]
INFO: [ view_parse ] --END-- [ RunTime:0.014157s ]
INFO: [ view_filter ] --START--
INFO: ContentReplace Behavior ::run [ RunTime:0.000504s ]
INFO: TokenBuild Behavior ::run [ RunTime:0.000444s ]
INFO: WriteHtmlCache Behavior ::run [ RunTime:0.000330s ]
INFO: ShowRuntime Behavior ::run [ RunTime:0.000511s ]
INFO: [ view_filter ] --END-- [ RunTime:0.001954s ]
INFO: [ view_end ] --START--
INFO: ShowPageTrace Behavior ::run [ RunTime:0.000686s ]
INFO: [ view_end ] --END-- [ RunTime:0.000744s ]

[ 2014-09-19T15:11:34+08:00 ] 127.0.0.1 /app/
INFO: [ app_begin ] --START--
INFO: ReadHtmlCache Behavior ::run [ RunTime:0.000871s ]
INFO: [ app_begin ] --END-- [ RunTime:0.000979s ]
SQL: SHOW COLUMNS FROM `sxk_art` [ RunTime:0.002727s ]
SQL: SELECT * FROM `sxk_art` WHERE ( stat !=100 and fzclass=1 ) ORDER BY id LIMIT 4   [ RunTime:0.002070s ]
SQL: SHOW COLUMNS FROM `sxk_class` [ RunTime:0.005562s ]
SQL: SELECT * FROM `sxk_class`  [ RunTime:0.001017s ]
SQL: SELECT * FROM `sxk_art` WHERE ( stat !=100 and fzclass=2 ) ORDER BY id LIMIT 12   [ RunTime:0.002008s ]
INFO: [ view_parse ] --START--
INFO: ParseTemplate Behavior ::run [ RunTime:0.014548s ]
INFO: [ view_parse ] --END-- [ RunTime:0.014658s ]
INFO: [ view_filter ] --START--
INFO: ContentReplace Behavior ::run [ RunTime:0.000680s ]
INFO: TokenBuild Behavior ::run [ RunTime:0.000554s ]
INFO: WriteHtmlCache Behavior ::run [ RunTime:0.000430s ]
INFO: ShowRuntime Behavior ::run [ RunTime:0.001119s ]
INFO: [ view_filter ] --END-- [ RunTime:0.003027s ]
INFO: [ view_end ] --START--
INFO: ShowPageTrace Behavior ::run [ RunTime:0.000880s ]
INFO: [ view_end ] --END-- [ RunTime:0.000945s ]

[ 2014-09-19T15:12:00+08:00 ] 127.0.0.1 /app/
INFO: [ app_begin ] --START--
INFO: ReadHtmlCache Behavior ::run [ RunTime:0.000826s ]
INFO: [ app_begin ] --END-- [ RunTime:0.000930s ]
SQL: SHOW COLUMNS FROM `sxk_art` [ RunTime:0.004950s ]
SQL: SELECT * FROM `sxk_art` WHERE ( stat !=100 and fzclass=1 ) ORDER BY id LIMIT 4   [ RunTime:0.001996s ]
SQL: SHOW COLUMNS FROM `sxk_class` [ RunTime:0.004254s ]
SQL: SELECT * FROM `sxk_class`  [ RunTime:0.000775s ]
SQL: SELECT * FROM `sxk_art` WHERE ( stat !=100 and fzclass=2 ) ORDER BY id LIMIT 12   [ RunTime:0.002262s ]
INFO: [ view_parse ] --START--

[ 2014-09-19T15:13:18+08:00 ] 127.0.0.1 /app/
INFO: [ app_begin ] --START--
INFO: ReadHtmlCache Behavior ::run [ RunTime:0.000636s ]
INFO: [ app_begin ] --END-- [ RunTime:0.000739s ]
SQL: SHOW COLUMNS FROM `sxk_art` [ RunTime:0.003678s ]
SQL: SELECT * FROM `sxk_art` WHERE ( stat !=100 and fzclass=1 ) ORDER BY id LIMIT 4   [ RunTime:0.002084s ]
SQL: SHOW COLUMNS FROM `sxk_class` [ RunTime:0.003216s ]
SQL: SELECT * FROM `sxk_class`  [ RunTime:0.000414s ]
SQL: SELECT * FROM `sxk_art` WHERE ( stat !=100 and fzclass=2 ) ORDER BY id LIMIT 12   [ RunTime:0.001924s ]
INFO: [ view_parse ] --START--

[ 2014-09-19T15:13:57+08:00 ] 127.0.0.1 /app/
INFO: [ app_begin ] --START--
INFO: ReadHtmlCache Behavior ::run [ RunTime:0.000599s ]
INFO: [ app_begin ] --END-- [ RunTime:0.000689s ]
SQL: SHOW COLUMNS FROM `sxk_art` [ RunTime:0.003000s ]
SQL: SELECT * FROM `sxk_art` WHERE ( stat !=100 and fzclass=1 ) ORDER BY id LIMIT 4   [ RunTime:0.001865s ]
SQL: SHOW COLUMNS FROM `sxk_class` [ RunTime:0.002963s ]
SQL: SELECT * FROM `sxk_class`  [ RunTime:0.000568s ]
SQL: SELECT * FROM `sxk_art` WHERE ( stat !=100 and fzclass=2 ) ORDER BY id LIMIT 12   [ RunTime:0.002597s ]
INFO: [ view_parse ] --START--

[ 2014-09-19T15:13:58+08:00 ] 127.0.0.1 /app/
INFO: [ app_begin ] --START--
INFO: ReadHtmlCache Behavior ::run [ RunTime:0.001254s ]
INFO: [ app_begin ] --END-- [ RunTime:0.001426s ]
SQL: SHOW COLUMNS FROM `sxk_art` [ RunTime:0.003571s ]
SQL: SELECT * FROM `sxk_art` WHERE ( stat !=100 and fzclass=1 ) ORDER BY id LIMIT 4   [ RunTime:0.001917s ]
SQL: SHOW COLUMNS FROM `sxk_class` [ RunTime:0.002924s ]
SQL: SELECT * FROM `sxk_class`  [ RunTime:0.000747s ]
SQL: SELECT * FROM `sxk_art` WHERE ( stat !=100 and fzclass=2 ) ORDER BY id LIMIT 12   [ RunTime:0.003662s ]
INFO: [ view_parse ] --START--

[ 2014-09-19T15:13:59+08:00 ] 127.0.0.1 /app/
INFO: [ app_begin ] --START--
INFO: ReadHtmlCache Behavior ::run [ RunTime:0.001271s ]
INFO: [ app_begin ] --END-- [ RunTime:0.001441s ]
SQL: SHOW COLUMNS FROM `sxk_art` [ RunTime:0.004183s ]
SQL: SELECT * FROM `sxk_art` WHERE ( stat !=100 and fzclass=1 ) ORDER BY id LIMIT 4   [ RunTime:0.002745s ]
SQL: SHOW COLUMNS FROM `sxk_class` [ RunTime:0.003280s ]
SQL: SELECT * FROM `sxk_class`  [ RunTime:0.000739s ]
SQL: SELECT * FROM `sxk_art` WHERE ( stat !=100 and fzclass=2 ) ORDER BY id LIMIT 12   [ RunTime:0.003482s ]
INFO: [ view_parse ] --START--

[ 2014-09-19T15:13:59+08:00 ] 127.0.0.1 /app/
INFO: [ app_begin ] --START--
INFO: ReadHtmlCache Behavior ::run [ RunTime:0.000630s ]
INFO: [ app_begin ] --END-- [ RunTime:0.000718s ]
SQL: SHOW COLUMNS FROM `sxk_art` [ RunTime:0.003658s ]
SQL: SELECT * FROM `sxk_art` WHERE ( stat !=100 and fzclass=1 ) ORDER BY id LIMIT 4   [ RunTime:0.002440s ]
SQL: SHOW COLUMNS FROM `sxk_class` [ RunTime:0.003192s ]
SQL: SELECT * FROM `sxk_class`  [ RunTime:0.000556s ]
SQL: SELECT * FROM `sxk_art` WHERE ( stat !=100 and fzclass=2 ) ORDER BY id LIMIT 12   [ RunTime:0.003180s ]
INFO: [ view_parse ] --START--

[ 2014-09-19T15:13:59+08:00 ] 127.0.0.1 /app/
INFO: [ app_begin ] --START--
INFO: ReadHtmlCache Behavior ::run [ RunTime:0.000582s ]
INFO: [ app_begin ] --END-- [ RunTime:0.000676s ]
SQL: SHOW COLUMNS FROM `sxk_art` [ RunTime:0.003937s ]
SQL: SELECT * FROM `sxk_art` WHERE ( stat !=100 and fzclass=1 ) ORDER BY id LIMIT 4   [ RunTime:0.001859s ]
SQL: SHOW COLUMNS FROM `sxk_class` [ RunTime:0.002587s ]
SQL: SELECT * FROM `sxk_class`  [ RunTime:0.000314s ]
SQL: SELECT * FROM `sxk_art` WHERE ( stat !=100 and fzclass=2 ) ORDER BY id LIMIT 12   [ RunTime:0.001760s ]
INFO: [ view_parse ] --START--

[ 2014-09-19T15:17:23+08:00 ] 127.0.0.1 /app/
INFO: [ app_begin ] --START--
INFO: ReadHtmlCache Behavior ::run [ RunTime:0.000793s ]
INFO: [ app_begin ] --END-- [ RunTime:0.000888s ]
SQL: SHOW COLUMNS FROM `sxk_art` [ RunTime:0.003273s ]
SQL: SELECT * FROM `sxk_art` WHERE ( stat !=100 and fzclass=1 ) ORDER BY id LIMIT 4   [ RunTime:0.002172s ]
SQL: SHOW COLUMNS FROM `sxk_class` [ RunTime:0.003258s ]
SQL: SELECT * FROM `sxk_class`  [ RunTime:0.000586s ]
SQL: SELECT * FROM `sxk_art` WHERE ( stat !=100 and fzclass=2 ) ORDER BY id LIMIT 12   [ RunTime:0.002121s ]
INFO: [ view_parse ] --START--

[ 2014-09-19T15:17:24+08:00 ] 127.0.0.1 /app/
INFO: [ app_begin ] --START--
INFO: ReadHtmlCache Behavior ::run [ RunTime:0.000701s ]
INFO: [ app_begin ] --END-- [ RunTime:0.000811s ]
SQL: SHOW COLUMNS FROM `sxk_art` [ RunTime:0.003031s ]
SQL: SELECT * FROM `sxk_art` WHERE ( stat !=100 and fzclass=1 ) ORDER BY id LIMIT 4   [ RunTime:0.001875s ]
SQL: SHOW COLUMNS FROM `sxk_class` [ RunTime:0.002907s ]
SQL: SELECT * FROM `sxk_class`  [ RunTime:0.000396s ]
SQL: SELECT * FROM `sxk_art` WHERE ( stat !=100 and fzclass=2 ) ORDER BY id LIMIT 12   [ RunTime:0.004439s ]
INFO: [ view_parse ] --START--

[ 2014-09-19T15:17:25+08:00 ] 127.0.0.1 /app/
INFO: [ app_begin ] --START--
INFO: ReadHtmlCache Behavior ::run [ RunTime:0.000578s ]
INFO: [ app_begin ] --END-- [ RunTime:0.000667s ]
SQL: SHOW COLUMNS FROM `sxk_art` [ RunTime:0.003107s ]
SQL: SELECT * FROM `sxk_art` WHERE ( stat !=100 and fzclass=1 ) ORDER BY id LIMIT 4   [ RunTime:0.001505s ]
SQL: SHOW COLUMNS FROM `sxk_class` [ RunTime:0.002666s ]
SQL: SELECT * FROM `sxk_class`  [ RunTime:0.000330s ]
SQL: SELECT * FROM `sxk_art` WHERE ( stat !=100 and fzclass=2 ) ORDER BY id LIMIT 12   [ RunTime:0.001669s ]
INFO: [ view_parse ] --START--

[ 2014-09-19T15:17:25+08:00 ] 127.0.0.1 /app/
INFO: [ app_begin ] --START--
INFO: ReadHtmlCache Behavior ::run [ RunTime:0.000570s ]
INFO: [ app_begin ] --END-- [ RunTime:0.000655s ]
SQL: SHOW COLUMNS FROM `sxk_art` [ RunTime:0.002771s ]
SQL: SELECT * FROM `sxk_art` WHERE ( stat !=100 and fzclass=1 ) ORDER BY id LIMIT 4   [ RunTime:0.001499s ]
SQL: SHOW COLUMNS FROM `sxk_class` [ RunTime:0.002816s ]
SQL: SELECT * FROM `sxk_class`  [ RunTime:0.000576s ]
SQL: SELECT * FROM `sxk_art` WHERE ( stat !=100 and fzclass=2 ) ORDER BY id LIMIT 12   [ RunTime:0.001765s ]
INFO: [ view_parse ] --START--

[ 2014-09-19T15:17:25+08:00 ] 127.0.0.1 /app/
INFO: [ app_begin ] --START--
INFO: ReadHtmlCache Behavior ::run [ RunTime:0.000652s ]
INFO: [ app_begin ] --END-- [ RunTime:0.000755s ]
SQL: SHOW COLUMNS FROM `sxk_art` [ RunTime:0.002827s ]
SQL: SELECT * FROM `sxk_art` WHERE ( stat !=100 and fzclass=1 ) ORDER BY id LIMIT 4   [ RunTime:0.001541s ]
SQL: SHOW COLUMNS FROM `sxk_class` [ RunTime:0.002624s ]
SQL: SELECT * FROM `sxk_class`  [ RunTime:0.000538s ]
SQL: SELECT * FROM `sxk_art` WHERE ( stat !=100 and fzclass=2 ) ORDER BY id LIMIT 12   [ RunTime:0.003161s ]
INFO: [ view_parse ] --START--

[ 2014-09-19T15:17:25+08:00 ] 127.0.0.1 /app/
INFO: [ app_begin ] --START--
INFO: ReadHtmlCache Behavior ::run [ RunTime:0.000553s ]
INFO: [ app_begin ] --END-- [ RunTime:0.000638s ]
SQL: SHOW COLUMNS FROM `sxk_art` [ RunTime:0.004748s ]
SQL: SELECT * FROM `sxk_art` WHERE ( stat !=100 and fzclass=1 ) ORDER BY id LIMIT 4   [ RunTime:0.002121s ]
SQL: SHOW COLUMNS FROM `sxk_class` [ RunTime:0.006096s ]
SQL: SELECT * FROM `sxk_class`  [ RunTime:0.001309s ]
SQL: SELECT * FROM `sxk_art` WHERE ( stat !=100 and fzclass=2 ) ORDER BY id LIMIT 12   [ RunTime:0.005815s ]
INFO: [ view_parse ] --START--

[ 2014-09-19T15:17:37+08:00 ] 127.0.0.1 /app/
INFO: [ app_begin ] --START--
INFO: ReadHtmlCache Behavior ::run [ RunTime:0.000579s ]
INFO: [ app_begin ] --END-- [ RunTime:0.000667s ]
SQL: SHOW COLUMNS FROM `sxk_art` [ RunTime:0.002886s ]
SQL: SELECT * FROM `sxk_art` WHERE ( stat !=100 and fzclass=1 ) ORDER BY id LIMIT 4   [ RunTime:0.002218s ]
SQL: SHOW COLUMNS FROM `sxk_class` [ RunTime:0.003175s ]
SQL: SELECT * FROM `sxk_class`  [ RunTime:0.000336s ]
SQL: SELECT * FROM `sxk_art` WHERE ( stat !=100 and fzclass=2 ) ORDER BY id LIMIT 12   [ RunTime:0.003359s ]
INFO: [ view_parse ] --START--

[ 2014-09-19T15:17:38+08:00 ] 127.0.0.1 /app/
INFO: [ app_begin ] --START--
INFO: ReadHtmlCache Behavior ::run [ RunTime:0.000567s ]
INFO: [ app_begin ] --END-- [ RunTime:0.000662s ]
SQL: SHOW COLUMNS FROM `sxk_art` [ RunTime:0.004298s ]
SQL: SELECT * FROM `sxk_art` WHERE ( stat !=100 and fzclass=1 ) ORDER BY id LIMIT 4   [ RunTime:0.001846s ]
SQL: SHOW COLUMNS FROM `sxk_class` [ RunTime:0.003612s ]
SQL: SELECT * FROM `sxk_class`  [ RunTime:0.000297s ]
SQL: SELECT * FROM `sxk_art` WHERE ( stat !=100 and fzclass=2 ) ORDER BY id LIMIT 12   [ RunTime:0.002526s ]
INFO: [ view_parse ] --START--

[ 2014-09-19T15:17:39+08:00 ] 127.0.0.1 /app/
INFO: [ app_begin ] --START--
INFO: ReadHtmlCache Behavior ::run [ RunTime:0.000597s ]
INFO: [ app_begin ] --END-- [ RunTime:0.000685s ]
SQL: SHOW COLUMNS FROM `sxk_art` [ RunTime:0.002903s ]
SQL: SELECT * FROM `sxk_art` WHERE ( stat !=100 and fzclass=1 ) ORDER BY id LIMIT 4   [ RunTime:0.002788s ]
SQL: SHOW COLUMNS FROM `sxk_class` [ RunTime:0.003404s ]
SQL: SELECT * FROM `sxk_class`  [ RunTime:0.000720s ]
SQL: SELECT * FROM `sxk_art` WHERE ( stat !=100 and fzclass=2 ) ORDER BY id LIMIT 12   [ RunTime:0.002773s ]
INFO: [ view_parse ] --START--

[ 2014-09-19T15:17:39+08:00 ] 127.0.0.1 /app/
INFO: [ app_begin ] --START--
INFO: ReadHtmlCache Behavior ::run [ RunTime:0.000529s ]
INFO: [ app_begin ] --END-- [ RunTime:0.000609s ]
SQL: SHOW COLUMNS FROM `sxk_art` [ RunTime:0.004731s ]
SQL: SELECT * FROM `sxk_art` WHERE ( stat !=100 and fzclass=1 ) ORDER BY id LIMIT 4   [ RunTime:0.002236s ]
SQL: SHOW COLUMNS FROM `sxk_class` [ RunTime:0.002832s ]
SQL: SELECT * FROM `sxk_class`  [ RunTime:0.000303s ]
SQL: SELECT * FROM `sxk_art` WHERE ( stat !=100 and fzclass=2 ) ORDER BY id LIMIT 12   [ RunTime:0.002885s ]
INFO: [ view_parse ] --START--

[ 2014-09-19T15:17:49+08:00 ] 127.0.0.1 /app/
INFO: [ app_begin ] --START--
INFO: ReadHtmlCache Behavior ::run [ RunTime:0.000548s ]
INFO: [ app_begin ] --END-- [ RunTime:0.000635s ]
SQL: SHOW COLUMNS FROM `sxk_art` [ RunTime:0.002926s ]
SQL: SELECT * FROM `sxk_art` WHERE ( stat !=100 and fzclass=1 ) ORDER BY id LIMIT 4   [ RunTime:0.001695s ]
SQL: SHOW COLUMNS FROM `sxk_class` [ RunTime:0.003059s ]
SQL: SELECT * FROM `sxk_class`  [ RunTime:0.000509s ]
SQL: SELECT * FROM `sxk_art` WHERE ( stat !=100 and fzclass=2 ) ORDER BY id LIMIT 12   [ RunTime:0.002409s ]
INFO: [ view_parse ] --START--

[ 2014-09-19T15:17:50+08:00 ] 127.0.0.1 /app/
INFO: [ app_begin ] --START--
INFO: ReadHtmlCache Behavior ::run [ RunTime:0.000647s ]
INFO: [ app_begin ] --END-- [ RunTime:0.000752s ]
SQL: SHOW COLUMNS FROM `sxk_art` [ RunTime:0.004023s ]
SQL: SELECT * FROM `sxk_art` WHERE ( stat !=100 and fzclass=1 ) ORDER BY id LIMIT 4   [ RunTime:0.001495s ]
SQL: SHOW COLUMNS FROM `sxk_class` [ RunTime:0.003118s ]
SQL: SELECT * FROM `sxk_class`  [ RunTime:0.000677s ]
SQL: SELECT * FROM `sxk_art` WHERE ( stat !=100 and fzclass=2 ) ORDER BY id LIMIT 12   [ RunTime:0.002525s ]
INFO: [ view_parse ] --START--

[ 2014-09-19T15:17:57+08:00 ] 127.0.0.1 /app/
INFO: [ app_begin ] --START--
INFO: ReadHtmlCache Behavior ::run [ RunTime:0.000642s ]
INFO: [ app_begin ] --END-- [ RunTime:0.000752s ]
SQL: SHOW COLUMNS FROM `sxk_art` [ RunTime:0.002791s ]
SQL: SELECT * FROM `sxk_art` WHERE ( stat !=100 and fzclass=1 ) ORDER BY id LIMIT 4   [ RunTime:0.001503s ]
SQL: SHOW COLUMNS FROM `sxk_class` [ RunTime:0.002853s ]
SQL: SELECT * FROM `sxk_class`  [ RunTime:0.000281s ]
SQL: SELECT * FROM `sxk_art` WHERE ( stat !=100 and fzclass=2 ) ORDER BY id LIMIT 12   [ RunTime:0.001752s ]
INFO: [ view_parse ] --START--

[ 2014-09-19T15:18:28+08:00 ] 127.0.0.1 /app/
INFO: [ app_begin ] --START--
INFO: ReadHtmlCache Behavior ::run [ RunTime:0.001253s ]
INFO: [ app_begin ] --END-- [ RunTime:0.001364s ]
SQL: SHOW COLUMNS FROM `sxk_art` [ RunTime:0.002673s ]
SQL: SELECT * FROM `sxk_art` WHERE ( stat !=100 and fzclass=1 ) ORDER BY id LIMIT 4   [ RunTime:0.001559s ]
SQL: SHOW COLUMNS FROM `sxk_class` [ RunTime:0.002831s ]
SQL: SELECT * FROM `sxk_class`  [ RunTime:0.000499s ]
SQL: SELECT * FROM `sxk_art` WHERE ( stat !=100 and fzclass=2 ) ORDER BY id LIMIT 12   [ RunTime:0.002427s ]
INFO: [ view_parse ] --START--
INFO: ParseTemplate Behavior ::run [ RunTime:0.014310s ]
INFO: [ view_parse ] --END-- [ RunTime:0.014401s ]
INFO: [ view_filter ] --START--
INFO: ContentReplace Behavior ::run [ RunTime:0.000561s ]
INFO: TokenBuild Behavior ::run [ RunTime:0.000442s ]
INFO: WriteHtmlCache Behavior ::run [ RunTime:0.000328s ]
INFO: ShowRuntime Behavior ::run [ RunTime:0.000512s ]
INFO: [ view_filter ] --END-- [ RunTime:0.002022s ]
INFO: [ view_end ] --START--
INFO: ShowPageTrace Behavior ::run [ RunTime:0.000673s ]
INFO: [ view_end ] --END-- [ RunTime:0.000728s ]

[ 2014-09-19T15:19:34+08:00 ] 127.0.0.1 /app/
INFO: [ app_begin ] --START--
INFO: ReadHtmlCache Behavior ::run [ RunTime:0.000781s ]
INFO: [ app_begin ] --END-- [ RunTime:0.000876s ]
SQL: SHOW COLUMNS FROM `sxk_art` [ RunTime:0.002795s ]
SQL: SELECT * FROM `sxk_art` WHERE ( stat !=100 and fzclass=1 ) ORDER BY id LIMIT 4   [ RunTime:0.003142s ]
SQL: SHOW COLUMNS FROM `sxk_class` [ RunTime:0.003750s ]
SQL: SELECT * FROM `sxk_class`  [ RunTime:0.000446s ]
SQL: SELECT * FROM `sxk_art` WHERE ( stat !=100 and fzclass=2 ) ORDER BY id LIMIT 12   [ RunTime:0.002799s ]
INFO: [ view_parse ] --START--
INFO: ParseTemplate Behavior ::run [ RunTime:0.017035s ]
INFO: [ view_parse ] --END-- [ RunTime:0.017128s ]
INFO: [ view_filter ] --START--
INFO: ContentReplace Behavior ::run [ RunTime:0.000502s ]
INFO: TokenBuild Behavior ::run [ RunTime:0.000447s ]
INFO: WriteHtmlCache Behavior ::run [ RunTime:0.000332s ]
INFO: ShowRuntime Behavior ::run [ RunTime:0.000536s ]
INFO: [ view_filter ] --END-- [ RunTime:0.001978s ]
INFO: [ view_end ] --START--
INFO: ShowPageTrace Behavior ::run [ RunTime:0.000905s ]
INFO: [ view_end ] --END-- [ RunTime:0.000980s ]

[ 2014-09-19T15:20:05+08:00 ] 127.0.0.1 /app/
INFO: [ app_begin ] --START--
INFO: ReadHtmlCache Behavior ::run [ RunTime:0.000857s ]
INFO: [ app_begin ] --END-- [ RunTime:0.000964s ]
SQL: SHOW COLUMNS FROM `sxk_art` [ RunTime:0.003076s ]
SQL: SELECT * FROM `sxk_art` WHERE ( stat !=100 and fzclass=1 ) ORDER BY id LIMIT 4   [ RunTime:0.001786s ]
SQL: SHOW COLUMNS FROM `sxk_class` [ RunTime:0.003473s ]
SQL: SELECT * FROM `sxk_class`  [ RunTime:0.000687s ]
SQL: SELECT * FROM `sxk_art` WHERE ( stat !=100 and fzclass=2 ) ORDER BY id LIMIT 12   [ RunTime:0.001743s ]
INFO: [ view_parse ] --START--
NOTIC: [8] Use of undefined constant utf - assumed 'utf' D:\wamp\www\app\Runtime\Cache\0cab370dc533ba97c84fcaf918d89176.php 第 67 行.
NOTIC: [2] mb_substr() [<a href='function.mb-substr'>function.mb-substr</a>]: Unknown encoding &quot;-8&quot; D:\wamp\www\app\Runtime\Cache\0cab370dc533ba97c84fcaf918d89176.php 第 67 行.
NOTIC: [8] Use of undefined constant utf - assumed 'utf' D:\wamp\www\app\Runtime\Cache\0cab370dc533ba97c84fcaf918d89176.php 第 67 行.
NOTIC: [2] mb_substr() [<a href='function.mb-substr'>function.mb-substr</a>]: Unknown encoding &quot;-8&quot; D:\wamp\www\app\Runtime\Cache\0cab370dc533ba97c84fcaf918d89176.php 第 67 行.
NOTIC: [8] Use of undefined constant utf - assumed 'utf' D:\wamp\www\app\Runtime\Cache\0cab370dc533ba97c84fcaf918d89176.php 第 67 行.
NOTIC: [2] mb_substr() [<a href='function.mb-substr'>function.mb-substr</a>]: Unknown encoding &quot;-8&quot; D:\wamp\www\app\Runtime\Cache\0cab370dc533ba97c84fcaf918d89176.php 第 67 行.
NOTIC: [8] Use of undefined constant utf - assumed 'utf' D:\wamp\www\app\Runtime\Cache\0cab370dc533ba97c84fcaf918d89176.php 第 67 行.
NOTIC: [2] mb_substr() [<a href='function.mb-substr'>function.mb-substr</a>]: Unknown encoding &quot;-8&quot; D:\wamp\www\app\Runtime\Cache\0cab370dc533ba97c84fcaf918d89176.php 第 67 行.
NOTIC: [8] Use of undefined constant utf - assumed 'utf' D:\wamp\www\app\Runtime\Cache\0cab370dc533ba97c84fcaf918d89176.php 第 67 行.
NOTIC: [2] mb_substr() [<a href='function.mb-substr'>function.mb-substr</a>]: Unknown encoding &quot;-8&quot; D:\wamp\www\app\Runtime\Cache\0cab370dc533ba97c84fcaf918d89176.php 第 67 行.
NOTIC: [8] Use of undefined constant utf - assumed 'utf' D:\wamp\www\app\Runtime\Cache\0cab370dc533ba97c84fcaf918d89176.php 第 67 行.
NOTIC: [2] mb_substr() [<a href='function.mb-substr'>function.mb-substr</a>]: Unknown encoding &quot;-8&quot; D:\wamp\www\app\Runtime\Cache\0cab370dc533ba97c84fcaf918d89176.php 第 67 行.
NOTIC: [8] Use of undefined constant utf - assumed 'utf' D:\wamp\www\app\Runtime\Cache\0cab370dc533ba97c84fcaf918d89176.php 第 67 行.
NOTIC: [2] mb_substr() [<a href='function.mb-substr'>function.mb-substr</a>]: Unknown encoding &quot;-8&quot; D:\wamp\www\app\Runtime\Cache\0cab370dc533ba97c84fcaf918d89176.php 第 67 行.
NOTIC: [8] Use of undefined constant utf - assumed 'utf' D:\wamp\www\app\Runtime\Cache\0cab370dc533ba97c84fcaf918d89176.php 第 67 行.
NOTIC: [2] mb_substr() [<a href='function.mb-substr'>function.mb-substr</a>]: Unknown encoding &quot;-8&quot; D:\wamp\www\app\Runtime\Cache\0cab370dc533ba97c84fcaf918d89176.php 第 67 行.
NOTIC: [8] Use of undefined constant utf - assumed 'utf' D:\wamp\www\app\Runtime\Cache\0cab370dc533ba97c84fcaf918d89176.php 第 67 行.
NOTIC: [2] mb_substr() [<a href='function.mb-substr'>function.mb-substr</a>]: Unknown encoding &quot;-8&quot; D:\wamp\www\app\Runtime\Cache\0cab370dc533ba97c84fcaf918d89176.php 第 67 行.
NOTIC: [8] Use of undefined constant utf - assumed 'utf' D:\wamp\www\app\Runtime\Cache\0cab370dc533ba97c84fcaf918d89176.php 第 67 行.
NOTIC: [2] mb_substr() [<a href='function.mb-substr'>function.mb-substr</a>]: Unknown encoding &quot;-8&quot; D:\wamp\www\app\Runtime\Cache\0cab370dc533ba97c84fcaf918d89176.php 第 67 行.
NOTIC: [8] Use of undefined constant utf - assumed 'utf' D:\wamp\www\app\Runtime\Cache\0cab370dc533ba97c84fcaf918d89176.php 第 67 行.
NOTIC: [2] mb_substr() [<a href='function.mb-substr'>function.mb-substr</a>]: Unknown encoding &quot;-8&quot; D:\wamp\www\app\Runtime\Cache\0cab370dc533ba97c84fcaf918d89176.php 第 67 行.
NOTIC: [8] Use of undefined constant utf - assumed 'utf' D:\wamp\www\app\Runtime\Cache\0cab370dc533ba97c84fcaf918d89176.php 第 67 行.
NOTIC: [2] mb_substr() [<a href='function.mb-substr'>function.mb-substr</a>]: Unknown encoding &quot;-8&quot; D:\wamp\www\app\Runtime\Cache\0cab370dc533ba97c84fcaf918d89176.php 第 67 行.
INFO: ParseTemplate Behavior ::run [ RunTime:0.016589s ]
INFO: [ view_parse ] --END-- [ RunTime:0.016685s ]
INFO: [ view_filter ] --START--
INFO: ContentReplace Behavior ::run [ RunTime:0.000868s ]
INFO: TokenBuild Behavior ::run [ RunTime:0.000765s ]
INFO: WriteHtmlCache Behavior ::run [ RunTime:0.000604s ]
INFO: ShowRuntime Behavior ::run [ RunTime:0.000536s ]
INFO: [ view_filter ] --END-- [ RunTime:0.003076s ]
INFO: [ view_end ] --START--
INFO: ShowPageTrace Behavior ::run [ RunTime:0.000599s ]
INFO: [ view_end ] --END-- [ RunTime:0.000657s ]

[ 2014-09-19T15:20:14+08:00 ] 127.0.0.1 /app/
INFO: [ app_begin ] --START--
INFO: ReadHtmlCache Behavior ::run [ RunTime:0.000630s ]
INFO: [ app_begin ] --END-- [ RunTime:0.000725s ]
SQL: SHOW COLUMNS FROM `sxk_art` [ RunTime:0.003764s ]
SQL: SELECT * FROM `sxk_art` WHERE ( stat !=100 and fzclass=1 ) ORDER BY id LIMIT 4   [ RunTime:0.003588s ]
SQL: SHOW COLUMNS FROM `sxk_class` [ RunTime:0.002745s ]
SQL: SELECT * FROM `sxk_class`  [ RunTime:0.000407s ]
SQL: SELECT * FROM `sxk_art` WHERE ( stat !=100 and fzclass=2 ) ORDER BY id LIMIT 12   [ RunTime:0.002725s ]
INFO: [ view_parse ] --START--
INFO: ParseTemplate Behavior ::run [ RunTime:0.013741s ]
INFO: [ view_parse ] --END-- [ RunTime:0.013845s ]
INFO: [ view_filter ] --START--
INFO: ContentReplace Behavior ::run [ RunTime:0.000471s ]
INFO: TokenBuild Behavior ::run [ RunTime:0.000342s ]
INFO: WriteHtmlCache Behavior ::run [ RunTime:0.000232s ]
INFO: ShowRuntime Behavior ::run [ RunTime:0.000422s ]
INFO: [ view_filter ] --END-- [ RunTime:0.001629s ]
INFO: [ view_end ] --START--
INFO: ShowPageTrace Behavior ::run [ RunTime:0.000571s ]
INFO: [ view_end ] --END-- [ RunTime:0.000637s ]

[ 2014-09-19T15:20:21+08:00 ] 127.0.0.1 /app/
INFO: [ app_begin ] --START--
INFO: ReadHtmlCache Behavior ::run [ RunTime:0.000702s ]
INFO: [ app_begin ] --END-- [ RunTime:0.000794s ]
SQL: SHOW COLUMNS FROM `sxk_art` [ RunTime:0.003351s ]
SQL: SELECT * FROM `sxk_art` WHERE ( stat !=100 and fzclass=1 ) ORDER BY id LIMIT 4   [ RunTime:0.002161s ]
SQL: SHOW COLUMNS FROM `sxk_class` [ RunTime:0.003462s ]
SQL: SELECT * FROM `sxk_class`  [ RunTime:0.000602s ]
SQL: SELECT * FROM `sxk_art` WHERE ( stat !=100 and fzclass=2 ) ORDER BY id LIMIT 12   [ RunTime:0.004684s ]
INFO: [ view_parse ] --START--
INFO: ParseTemplate Behavior ::run [ RunTime:0.014135s ]
INFO: [ view_parse ] --END-- [ RunTime:0.014239s ]
INFO: [ view_filter ] --START--
INFO: ContentReplace Behavior ::run [ RunTime:0.000504s ]
INFO: TokenBuild Behavior ::run [ RunTime:0.000500s ]
INFO: WriteHtmlCache Behavior ::run [ RunTime:0.000314s ]
INFO: ShowRuntime Behavior ::run [ RunTime:0.000534s ]
INFO: [ view_filter ] --END-- [ RunTime:0.002060s ]
INFO: [ view_end ] --START--
INFO: ShowPageTrace Behavior ::run [ RunTime:0.000794s ]
INFO: [ view_end ] --END-- [ RunTime:0.000869s ]

