[ 2014-09-15T10:59:44+08:00 ] 127.0.0.1 /app/
INFO: [ app_begin ] --START--
INFO: ReadHtmlCache Behavior ::run [ RunTime:0.000825s ]
INFO: [ app_begin ] --END-- [ RunTime:0.000935s ]
SQL: SHOW COLUMNS FROM `fk_user` [ RunTime:0.002505s ]
SQL: SELECT * FROM `fk_user`  [ RunTime:0.000449s ]
INFO: [ view_parse ] --START--
INFO: ParseTemplate Behavior ::run [ RunTime:0.009201s ]
INFO: [ view_parse ] --END-- [ RunTime:0.009306s ]
INFO: [ view_filter ] --START--
INFO: ContentReplace Behavior ::run [ RunTime:0.000552s ]
INFO: TokenBuild Behavior ::run [ RunTime:0.000625s ]
INFO: WriteHtmlCache Behavior ::run [ RunTime:0.000500s ]
INFO: ShowRuntime Behavior ::run [ RunTime:0.000608s ]
INFO: [ view_filter ] --END-- [ RunTime:0.002479s ]
INFO: [ view_end ] --START--
INFO: ShowPageTrace Behavior ::run [ RunTime:0.000754s ]
INFO: [ view_end ] --END-- [ RunTime:0.000813s ]

[ 2014-09-15T11:01:31+08:00 ] 127.0.0.1 /app/
INFO: [ app_begin ] --START--
INFO: ReadHtmlCache Behavior ::run [ RunTime:0.000821s ]
INFO: [ app_begin ] --END-- [ RunTime:0.000913s ]
SQL: SHOW COLUMNS FROM `fk_user` [ RunTime:0.002884s ]
SQL: SELECT * FROM `fk_user`  [ RunTime:0.000654s ]
INFO: [ view_parse ] --START--
INFO: ParseTemplate Behavior ::run [ RunTime:0.015571s ]
INFO: [ view_parse ] --END-- [ RunTime:0.015689s ]
INFO: [ view_filter ] --START--
INFO: ContentReplace Behavior ::run [ RunTime:0.000605s ]
INFO: TokenBuild Behavior ::run [ RunTime:0.000487s ]
INFO: WriteHtmlCache Behavior ::run [ RunTime:0.000344s ]
INFO: ShowRuntime Behavior ::run [ RunTime:0.000529s ]
INFO: [ view_filter ] --END-- [ RunTime:0.002144s ]
INFO: [ view_end ] --START--
INFO: ShowPageTrace Behavior ::run [ RunTime:0.000676s ]
INFO: [ view_end ] --END-- [ RunTime:0.000736s ]

[ 2014-09-15T11:01:45+08:00 ] 127.0.0.1 /app/
INFO: [ app_begin ] --START--
INFO: ReadHtmlCache Behavior ::run [ RunTime:0.000899s ]
INFO: [ app_begin ] --END-- [ RunTime:0.001034s ]
SQL: SHOW COLUMNS FROM `fk_user` [ RunTime:0.002359s ]
SQL: SELECT * FROM `fk_user`  [ RunTime:0.000304s ]
INFO: [ view_parse ] --START--
INFO: ParseTemplate Behavior ::run [ RunTime:0.015366s ]
INFO: [ view_parse ] --END-- [ RunTime:0.015476s ]
INFO: [ view_filter ] --START--
INFO: ContentReplace Behavior ::run [ RunTime:0.000670s ]
INFO: TokenBuild Behavior ::run [ RunTime:0.000611s ]
INFO: WriteHtmlCache Behavior ::run [ RunTime:0.000363s ]
INFO: ShowRuntime Behavior ::run [ RunTime:0.000557s ]
INFO: [ view_filter ] --END-- [ RunTime:0.002386s ]
INFO: [ view_end ] --START--
INFO: ShowPageTrace Behavior ::run [ RunTime:0.000908s ]
INFO: [ view_end ] --END-- [ RunTime:0.000984s ]

[ 2014-09-15T11:01:45+08:00 ] 127.0.0.1 /app/
INFO: [ app_begin ] --START--
INFO: ReadHtmlCache Behavior ::run [ RunTime:0.000854s ]
INFO: [ app_begin ] --END-- [ RunTime:0.000957s ]
SQL: SHOW COLUMNS FROM `fk_user` [ RunTime:0.002625s ]
SQL: SELECT * FROM `fk_user`  [ RunTime:0.000280s ]
INFO: [ view_parse ] --START--
INFO: ParseTemplate Behavior ::run [ RunTime:0.008660s ]
INFO: [ view_parse ] --END-- [ RunTime:0.008763s ]
INFO: [ view_filter ] --START--
INFO: ContentReplace Behavior ::run [ RunTime:0.000344s ]
INFO: TokenBuild Behavior ::run [ RunTime:0.000350s ]
INFO: WriteHtmlCache Behavior ::run [ RunTime:0.000236s ]
INFO: ShowRuntime Behavior ::run [ RunTime:0.000443s ]
INFO: [ view_filter ] --END-- [ RunTime:0.001536s ]
INFO: [ view_end ] --START--
INFO: ShowPageTrace Behavior ::run [ RunTime:0.000592s ]
INFO: [ view_end ] --END-- [ RunTime:0.000654s ]

[ 2014-09-15T11:01:46+08:00 ] 127.0.0.1 /app/
INFO: [ app_begin ] --START--
INFO: ReadHtmlCache Behavior ::run [ RunTime:0.000535s ]
INFO: [ app_begin ] --END-- [ RunTime:0.000616s ]
SQL: SHOW COLUMNS FROM `fk_user` [ RunTime:0.002515s ]
SQL: SELECT * FROM `fk_user`  [ RunTime:0.000428s ]
INFO: [ view_parse ] --START--
INFO: ParseTemplate Behavior ::run [ RunTime:0.008208s ]
INFO: [ view_parse ] --END-- [ RunTime:0.008328s ]
INFO: [ view_filter ] --START--
INFO: ContentReplace Behavior ::run [ RunTime:0.000408s ]
INFO: TokenBuild Behavior ::run [ RunTime:0.000347s ]
INFO: WriteHtmlCache Behavior ::run [ RunTime:0.000237s ]
INFO: ShowRuntime Behavior ::run [ RunTime:0.000474s ]
INFO: [ view_filter ] --END-- [ RunTime:0.001635s ]
INFO: [ view_end ] --START--
INFO: ShowPageTrace Behavior ::run [ RunTime:0.000583s ]
INFO: [ view_end ] --END-- [ RunTime:0.000645s ]

[ 2014-09-15T11:01:46+08:00 ] 127.0.0.1 /app/
INFO: [ app_begin ] --START--
INFO: ReadHtmlCache Behavior ::run [ RunTime:0.000516s ]
INFO: [ app_begin ] --END-- [ RunTime:0.000593s ]
SQL: SHOW COLUMNS FROM `fk_user` [ RunTime:0.002510s ]
SQL: SELECT * FROM `fk_user`  [ RunTime:0.000407s ]
INFO: [ view_parse ] --START--
INFO: ParseTemplate Behavior ::run [ RunTime:0.007991s ]
INFO: [ view_parse ] --END-- [ RunTime:0.008099s ]
INFO: [ view_filter ] --START--
INFO: ContentReplace Behavior ::run [ RunTime:0.000380s ]
INFO: TokenBuild Behavior ::run [ RunTime:0.000342s ]
INFO: WriteHtmlCache Behavior ::run [ RunTime:0.000284s ]
INFO: ShowRuntime Behavior ::run [ RunTime:0.000500s ]
INFO: [ view_filter ] --END-- [ RunTime:0.001699s ]
INFO: [ view_end ] --START--
INFO: ShowPageTrace Behavior ::run [ RunTime:0.000612s ]
INFO: [ view_end ] --END-- [ RunTime:0.000674s ]

[ 2014-09-15T11:01:46+08:00 ] 127.0.0.1 /app/
INFO: [ app_begin ] --START--
INFO: ReadHtmlCache Behavior ::run [ RunTime:0.000523s ]
INFO: [ app_begin ] --END-- [ RunTime:0.000633s ]
SQL: SHOW COLUMNS FROM `fk_user` [ RunTime:0.003582s ]
SQL: SELECT * FROM `fk_user`  [ RunTime:0.000324s ]
INFO: [ view_parse ] --START--
INFO: ParseTemplate Behavior ::run [ RunTime:0.008030s ]
INFO: [ view_parse ] --END-- [ RunTime:0.008158s ]
INFO: [ view_filter ] --START--
INFO: ContentReplace Behavior ::run [ RunTime:0.000496s ]
INFO: TokenBuild Behavior ::run [ RunTime:0.000632s ]
INFO: WriteHtmlCache Behavior ::run [ RunTime:0.000308s ]
INFO: ShowRuntime Behavior ::run [ RunTime:0.000470s ]
INFO: [ view_filter ] --END-- [ RunTime:0.002129s ]
INFO: [ view_end ] --START--
INFO: ShowPageTrace Behavior ::run [ RunTime:0.000629s ]
INFO: [ view_end ] --END-- [ RunTime:0.000695s ]

[ 2014-09-15T11:01:52+08:00 ] 127.0.0.1 /app/Index/home
INFO: [ route_check ] --START--
INFO: CheckRoute Behavior ::run [ RunTime:0.000890s ]
INFO: [ route_check ] --END-- [ RunTime:0.000974s ]
INFO: [ app_begin ] --START--
INFO: ReadHtmlCache Behavior ::run [ RunTime:0.000518s ]
INFO: [ app_begin ] --END-- [ RunTime:0.000578s ]
SQL: SHOW COLUMNS FROM `fk_user` [ RunTime:0.003463s ]
SQL: SELECT * FROM `fk_user`  [ RunTime:0.000663s ]
INFO: [ view_parse ] --START--
INFO: ParseTemplate Behavior ::run [ RunTime:0.008594s ]
INFO: [ view_parse ] --END-- [ RunTime:0.008695s ]
INFO: [ view_filter ] --START--
INFO: ContentReplace Behavior ::run [ RunTime:0.000344s ]
INFO: TokenBuild Behavior ::run [ RunTime:0.000355s ]
INFO: WriteHtmlCache Behavior ::run [ RunTime:0.000275s ]
INFO: ShowRuntime Behavior ::run [ RunTime:0.000424s ]
INFO: [ view_filter ] --END-- [ RunTime:0.001565s ]
INFO: [ view_end ] --START--
INFO: ShowPageTrace Behavior ::run [ RunTime:0.000737s ]
INFO: [ view_end ] --END-- [ RunTime:0.000807s ]

[ 2014-09-15T11:24:08+08:00 ] 127.0.0.1 /app/Form
INFO: [ route_check ] --START--
INFO: CheckRoute Behavior ::run [ RunTime:0.002067s ]
INFO: [ route_check ] --END-- [ RunTime:0.002174s ]
INFO: [ app_begin ] --START--
INFO: ReadHtmlCache Behavior ::run [ RunTime:0.001543s ]
INFO: [ app_begin ] --END-- [ RunTime:0.001620s ]
ERR: 非法操作:index

[ 2014-09-15T11:24:25+08:00 ] 127.0.0.1 /app/Form.php
INFO: [ route_check ] --START--
INFO: CheckRoute Behavior ::run [ RunTime:0.001240s ]
INFO: [ route_check ] --END-- [ RunTime:0.001329s ]
INFO: [ app_begin ] --START--
INFO: ReadHtmlCache Behavior ::run [ RunTime:0.000938s ]
INFO: [ app_begin ] --END-- [ RunTime:0.001009s ]
NOTIC: [8] Undefined variable: group D:\wamp\www\ThinkPHP\Lib\Core\App.class.php 第 95 行.
ERR: 无法加载模块:Form.php

[ 2014-09-15T11:24:29+08:00 ] 127.0.0.1 /app/Form/
INFO: [ route_check ] --START--
INFO: CheckRoute Behavior ::run [ RunTime:0.001276s ]
INFO: [ route_check ] --END-- [ RunTime:0.001405s ]
INFO: [ app_begin ] --START--
INFO: ReadHtmlCache Behavior ::run [ RunTime:0.001067s ]
INFO: [ app_begin ] --END-- [ RunTime:0.001179s ]
ERR: 非法操作:index

[ 2014-09-15T11:25:06+08:00 ] 127.0.0.1 /app/index.php/Form/read/id/1
INFO: [ route_check ] --START--
INFO: CheckRoute Behavior ::run [ RunTime:0.001990s ]
INFO: [ route_check ] --END-- [ RunTime:0.002139s ]
INFO: [ app_begin ] --START--
INFO: ReadHtmlCache Behavior ::run [ RunTime:0.001657s ]
INFO: [ app_begin ] --END-- [ RunTime:0.001788s ]
ERR: 非法操作:read

[ 2014-09-15T11:26:14+08:00 ] 127.0.0.1 /app/index.php/Form/read/id/1
INFO: [ route_check ] --START--
INFO: CheckRoute Behavior ::run [ RunTime:0.001169s ]
INFO: [ route_check ] --END-- [ RunTime:0.001255s ]
INFO: [ app_begin ] --START--
INFO: ReadHtmlCache Behavior ::run [ RunTime:0.000887s ]
INFO: [ app_begin ] --END-- [ RunTime:0.000951s ]
SQL: SHOW COLUMNS FROM `fk_form` [ RunTime:0.002949s ]
SQL: SELECT * FROM `fk_form` WHERE ( `id` = 1 ) LIMIT 1   [ RunTime:0.013537s ]
INFO: [ view_parse ] --START--
INFO: ParseTemplate Behavior ::run [ RunTime:0.023514s ]
INFO: [ view_parse ] --END-- [ RunTime:0.023616s ]
INFO: [ view_filter ] --START--
INFO: ContentReplace Behavior ::run [ RunTime:0.010125s ]
INFO: TokenBuild Behavior ::run [ RunTime:0.001334s ]
INFO: WriteHtmlCache Behavior ::run [ RunTime:0.001186s ]
INFO: ShowRuntime Behavior ::run [ RunTime:0.001278s ]
INFO: [ view_filter ] --END-- [ RunTime:0.014138s ]
INFO: [ view_end ] --START--
INFO: ShowPageTrace Behavior ::run [ RunTime:0.001519s ]
INFO: [ view_end ] --END-- [ RunTime:0.001609s ]

[ 2014-09-15T11:26:17+08:00 ] 127.0.0.1 /app/Form/
INFO: [ route_check ] --START--
INFO: CheckRoute Behavior ::run [ RunTime:0.001155s ]
INFO: [ route_check ] --END-- [ RunTime:0.001246s ]
INFO: [ app_begin ] --START--
INFO: ReadHtmlCache Behavior ::run [ RunTime:0.000832s ]
INFO: [ app_begin ] --END-- [ RunTime:0.000899s ]
ERR: 非法操作:index

[ 2014-09-15T11:28:25+08:00 ] 127.0.0.1 /app/Form/
INFO: [ route_check ] --START--
INFO: CheckRoute Behavior ::run [ RunTime:0.002419s ]
INFO: [ route_check ] --END-- [ RunTime:0.002587s ]
INFO: [ app_begin ] --START--
INFO: ReadHtmlCache Behavior ::run [ RunTime:0.001018s ]
INFO: [ app_begin ] --END-- [ RunTime:0.001118s ]
ERR: 非法操作:index

[ 2014-09-15T11:28:39+08:00 ] 127.0.0.1 /app/index.php/form
INFO: [ route_check ] --START--
INFO: CheckRoute Behavior ::run [ RunTime:0.001389s ]
INFO: [ route_check ] --END-- [ RunTime:0.001562s ]
INFO: [ app_begin ] --START--
INFO: ReadHtmlCache Behavior ::run [ RunTime:0.000864s ]
INFO: [ app_begin ] --END-- [ RunTime:0.000956s ]
ERR: 无法加载模块:form

[ 2014-09-15T11:28:44+08:00 ] 127.0.0.1 /app/index.php/from
INFO: [ route_check ] --START--
INFO: CheckRoute Behavior ::run [ RunTime:0.000950s ]
INFO: [ route_check ] --END-- [ RunTime:0.001033s ]
INFO: [ app_begin ] --START--
INFO: ReadHtmlCache Behavior ::run [ RunTime:0.000684s ]
INFO: [ app_begin ] --END-- [ RunTime:0.000747s ]
ERR: 无法加载模块:from

[ 2014-09-15T11:28:58+08:00 ] 127.0.0.1 /app/index.php/from/add
INFO: [ route_check ] --START--
INFO: CheckRoute Behavior ::run [ RunTime:0.001028s ]
INFO: [ route_check ] --END-- [ RunTime:0.001120s ]
INFO: [ app_begin ] --START--
INFO: ReadHtmlCache Behavior ::run [ RunTime:0.000779s ]
INFO: [ app_begin ] --END-- [ RunTime:0.000855s ]
ERR: 无法加载模块:from

[ 2014-09-15T11:30:43+08:00 ] 127.0.0.1 /app/index.php/from/add
INFO: [ route_check ] --START--
INFO: CheckRoute Behavior ::run [ RunTime:0.001140s ]
INFO: [ route_check ] --END-- [ RunTime:0.001230s ]
INFO: [ app_begin ] --START--
INFO: ReadHtmlCache Behavior ::run [ RunTime:0.000691s ]
INFO: [ app_begin ] --END-- [ RunTime:0.000754s ]
ERR: 无法加载模块:from

[ 2014-09-15T11:30:53+08:00 ] 127.0.0.1 /app/index.php/From/add
INFO: [ route_check ] --START--
INFO: CheckRoute Behavior ::run [ RunTime:0.001360s ]
INFO: [ route_check ] --END-- [ RunTime:0.001474s ]
INFO: [ app_begin ] --START--
INFO: ReadHtmlCache Behavior ::run [ RunTime:0.000737s ]
INFO: [ app_begin ] --END-- [ RunTime:0.000803s ]
ERR: 无法加载模块:From

[ 2014-09-15T11:31:33+08:00 ] 127.0.0.1 /app/index.php/Form/edit/id/1
INFO: [ route_check ] --START--
INFO: CheckRoute Behavior ::run [ RunTime:0.001295s ]
INFO: [ route_check ] --END-- [ RunTime:0.001425s ]
INFO: [ app_begin ] --START--
INFO: ReadHtmlCache Behavior ::run [ RunTime:0.000912s ]
INFO: [ app_begin ] --END-- [ RunTime:0.000996s ]
SQL: SHOW COLUMNS FROM `fk_form` [ RunTime:0.003229s ]
SQL: SELECT * FROM `fk_form` WHERE ( `id` = 1 ) LIMIT 1   [ RunTime:0.000509s ]
ERR: 模板不存在[D:/wamp/www/app/Tpl/Form/edit.html]

[ 2014-09-15T11:32:15+08:00 ] 127.0.0.1 /app/index.php/Form/edit/id/1
INFO: [ route_check ] --START--
INFO: CheckRoute Behavior ::run [ RunTime:0.001027s ]
INFO: [ route_check ] --END-- [ RunTime:0.001117s ]
INFO: [ app_begin ] --START--
INFO: ReadHtmlCache Behavior ::run [ RunTime:0.000701s ]
INFO: [ app_begin ] --END-- [ RunTime:0.000764s ]
SQL: SHOW COLUMNS FROM `fk_form` [ RunTime:0.002764s ]
SQL: SELECT * FROM `fk_form` WHERE ( `id` = 1 ) LIMIT 1   [ RunTime:0.000454s ]
INFO: [ view_parse ] --START--
INFO: ParseTemplate Behavior ::run [ RunTime:0.008538s ]
INFO: [ view_parse ] --END-- [ RunTime:0.008638s ]
INFO: [ view_filter ] --START--
INFO: ContentReplace Behavior ::run [ RunTime:0.000556s ]
INFO: TokenBuild Behavior ::run [ RunTime:0.000533s ]
INFO: WriteHtmlCache Behavior ::run [ RunTime:0.000433s ]
INFO: ShowRuntime Behavior ::run [ RunTime:0.000610s ]
INFO: [ view_filter ] --END-- [ RunTime:0.002295s ]
INFO: [ view_end ] --START--
INFO: ShowPageTrace Behavior ::run [ RunTime:0.000756s ]
INFO: [ view_end ] --END-- [ RunTime:0.000816s ]

[ 2014-09-15T11:32:24+08:00 ] 127.0.0.1 /app/index.php/Form/update
INFO: [ route_check ] --START--
INFO: CheckRoute Behavior ::run [ RunTime:0.001333s ]
INFO: [ route_check ] --END-- [ RunTime:0.001476s ]
INFO: [ app_begin ] --START--
INFO: ReadHtmlCache Behavior ::run [ RunTime:0.000882s ]
INFO: [ app_begin ] --END-- [ RunTime:0.000973s ]
SQL: SHOW COLUMNS FROM `fk_form` [ RunTime:0.002516s ]
SQL: UPDATE `fk_form` SET `title`='急急急接口',`content`='该法规和法规和法国' WHERE ( `id` = 0 ) [ RunTime:0.071873s ]
INFO: [ view_parse ] --START--
INFO: ParseTemplate Behavior ::run [ RunTime:0.008662s ]
INFO: [ view_parse ] --END-- [ RunTime:0.008762s ]
INFO: [ view_filter ] --START--
INFO: ContentReplace Behavior ::run [ RunTime:0.000622s ]
INFO: TokenBuild Behavior ::run [ RunTime:0.000643s ]
INFO: WriteHtmlCache Behavior ::run [ RunTime:0.000602s ]
INFO: ShowRuntime Behavior ::run [ RunTime:0.000769s ]
INFO: [ view_filter ] --END-- [ RunTime:0.002873s ]
INFO: [ view_end ] --START--
INFO: ShowPageTrace Behavior ::run [ RunTime:0.000863s ]
INFO: [ view_end ] --END-- [ RunTime:0.000924s ]

[ 2014-09-15T11:32:35+08:00 ] 127.0.0.1 /app/index.php/Form/update
INFO: [ route_check ] --START--
INFO: CheckRoute Behavior ::run [ RunTime:0.001412s ]
INFO: [ route_check ] --END-- [ RunTime:0.001504s ]
INFO: [ app_begin ] --START--
INFO: ReadHtmlCache Behavior ::run [ RunTime:0.000721s ]
INFO: [ app_begin ] --END-- [ RunTime:0.000785s ]
SQL: SHOW COLUMNS FROM `fk_form` [ RunTime:0.002546s ]
SQL: UPDATE `fk_form` SET `title`='急急急接口',`content`='该法规和法规和法国' WHERE ( `id` = 0 ) [ RunTime:0.000489s ]
INFO: [ view_parse ] --START--
INFO: ParseTemplate Behavior ::run [ RunTime:0.009597s ]
INFO: [ view_parse ] --END-- [ RunTime:0.009689s ]
INFO: [ view_filter ] --START--
INFO: ContentReplace Behavior ::run [ RunTime:0.000538s ]
INFO: TokenBuild Behavior ::run [ RunTime:0.000551s ]
INFO: WriteHtmlCache Behavior ::run [ RunTime:0.000464s ]
INFO: ShowRuntime Behavior ::run [ RunTime:0.000565s ]
INFO: [ view_filter ] --END-- [ RunTime:0.002299s ]
INFO: [ view_end ] --START--
INFO: ShowPageTrace Behavior ::run [ RunTime:0.000709s ]
INFO: [ view_end ] --END-- [ RunTime:0.000767s ]

[ 2014-09-15T13:41:14+08:00 ] 127.0.0.1 /app/index.php/Form/update
INFO: [ route_check ] --START--
INFO: CheckRoute Behavior ::run [ RunTime:0.001132s ]
INFO: [ route_check ] --END-- [ RunTime:0.001233s ]
INFO: [ app_begin ] --START--
INFO: ReadHtmlCache Behavior ::run [ RunTime:0.000773s ]
INFO: [ app_begin ] --END-- [ RunTime:0.000852s ]
SQL: SHOW COLUMNS FROM `fk_form` [ RunTime:0.004067s ]
SQL: UPDATE `fk_form` SET `title`='急急急接口',`content`='该法规和法规和法国' WHERE ( `id` = 0 ) [ RunTime:0.000344s ]
INFO: [ view_parse ] --START--
INFO: ParseTemplate Behavior ::run [ RunTime:0.010220s ]
INFO: [ view_parse ] --END-- [ RunTime:0.010315s ]
INFO: [ view_filter ] --START--
INFO: ContentReplace Behavior ::run [ RunTime:0.000606s ]
INFO: TokenBuild Behavior ::run [ RunTime:0.000543s ]
INFO: WriteHtmlCache Behavior ::run [ RunTime:0.000431s ]
INFO: ShowRuntime Behavior ::run [ RunTime:0.000607s ]
INFO: [ view_filter ] --END-- [ RunTime:0.002353s ]
INFO: [ view_end ] --START--
INFO: ShowPageTrace Behavior ::run [ RunTime:0.000755s ]
INFO: [ view_end ] --END-- [ RunTime:0.000815s ]

[ 2014-09-15T13:41:20+08:00 ] 127.0.0.1 /app/index.php/Form/update
INFO: [ route_check ] --START--
INFO: CheckRoute Behavior ::run [ RunTime:0.000929s ]
INFO: [ route_check ] --END-- [ RunTime:0.001038s ]
INFO: [ app_begin ] --START--
INFO: ReadHtmlCache Behavior ::run [ RunTime:0.000728s ]
INFO: [ app_begin ] --END-- [ RunTime:0.000799s ]
SQL: SHOW COLUMNS FROM `fk_form` [ RunTime:0.002533s ]
SQL: UPDATE `fk_form` SET `title`='急急急接口',`content`='该法规和法规和法国' WHERE ( `id` = 0 ) [ RunTime:0.000319s ]
INFO: [ view_parse ] --START--
INFO: ParseTemplate Behavior ::run [ RunTime:0.008409s ]
INFO: [ view_parse ] --END-- [ RunTime:0.008500s ]
INFO: [ view_filter ] --START--
INFO: ContentReplace Behavior ::run [ RunTime:0.000515s ]
INFO: TokenBuild Behavior ::run [ RunTime:0.000546s ]
INFO: WriteHtmlCache Behavior ::run [ RunTime:0.000443s ]
INFO: ShowRuntime Behavior ::run [ RunTime:0.000576s ]
INFO: [ view_filter ] --END-- [ RunTime:0.002251s ]
INFO: [ view_end ] --START--
INFO: ShowPageTrace Behavior ::run [ RunTime:0.000720s ]
INFO: [ view_end ] --END-- [ RunTime:0.000780s ]

[ 2014-09-15T13:41:28+08:00 ] 127.0.0.1 /app/index.php/Form/update
INFO: [ route_check ] --START--
INFO: CheckRoute Behavior ::run [ RunTime:0.002026s ]
INFO: [ route_check ] --END-- [ RunTime:0.002145s ]
INFO: [ app_begin ] --START--
INFO: ReadHtmlCache Behavior ::run [ RunTime:0.000745s ]
INFO: [ app_begin ] --END-- [ RunTime:0.000820s ]
SQL: SHOW COLUMNS FROM `fk_form` [ RunTime:0.003430s ]
SQL: UPDATE `fk_form` SET `title`='急急急接口',`content`='该法规和法规和法国' WHERE ( `id` = 0 ) [ RunTime:0.000394s ]
INFO: [ view_parse ] --START--
INFO: ParseTemplate Behavior ::run [ RunTime:0.008567s ]
INFO: [ view_parse ] --END-- [ RunTime:0.008663s ]
INFO: [ view_filter ] --START--
INFO: ContentReplace Behavior ::run [ RunTime:0.000546s ]
INFO: TokenBuild Behavior ::run [ RunTime:0.000534s ]
INFO: WriteHtmlCache Behavior ::run [ RunTime:0.000654s ]
INFO: ShowRuntime Behavior ::run [ RunTime:0.000731s ]
INFO: [ view_filter ] --END-- [ RunTime:0.002635s ]
INFO: [ view_end ] --START--
INFO: ShowPageTrace Behavior ::run [ RunTime:0.000965s ]
INFO: [ view_end ] --END-- [ RunTime:0.001050s ]

[ 2014-09-15T13:47:40+08:00 ] 127.0.0.1 /app/index.php/Form/update
INFO: [ route_check ] --START--
INFO: CheckRoute Behavior ::run [ RunTime:0.001089s ]
INFO: [ route_check ] --END-- [ RunTime:0.001182s ]
INFO: [ app_begin ] --START--
INFO: ReadHtmlCache Behavior ::run [ RunTime:0.000729s ]
INFO: [ app_begin ] --END-- [ RunTime:0.000800s ]
SQL: SHOW COLUMNS FROM `fk_form` [ RunTime:0.002534s ]
SQL: UPDATE `fk_form` SET `title`='急急急接口',`content`='该法规和法规和法国' WHERE ( `id` = 0 ) [ RunTime:0.000318s ]
INFO: [ view_parse ] --START--
INFO: ParseTemplate Behavior ::run [ RunTime:0.008457s ]
INFO: [ view_parse ] --END-- [ RunTime:0.008543s ]
INFO: [ view_filter ] --START--
INFO: ContentReplace Behavior ::run [ RunTime:0.000559s ]
INFO: TokenBuild Behavior ::run [ RunTime:0.000559s ]
INFO: WriteHtmlCache Behavior ::run [ RunTime:0.000542s ]
INFO: ShowRuntime Behavior ::run [ RunTime:0.000641s ]
INFO: [ view_filter ] --END-- [ RunTime:0.002484s ]
INFO: [ view_end ] --START--
INFO: ShowPageTrace Behavior ::run [ RunTime:0.000704s ]
INFO: [ view_end ] --END-- [ RunTime:0.000767s ]

[ 2014-09-15T15:23:12+08:00 ] 127.0.0.1 /app/index.php/bbs
INFO: [ route_check ] --START--
INFO: CheckRoute Behavior ::run [ RunTime:0.001235s ]
INFO: [ route_check ] --END-- [ RunTime:0.001343s ]
INFO: [ app_begin ] --START--
INFO: ReadHtmlCache Behavior ::run [ RunTime:0.000789s ]
INFO: [ app_begin ] --END-- [ RunTime:0.000876s ]
ERR: 无法加载模块:bbs

[ 2014-09-15T15:23:20+08:00 ] 127.0.0.1 /app/index.php/Index/bbs
INFO: [ route_check ] --START--
INFO: CheckRoute Behavior ::run [ RunTime:0.000769s ]
INFO: [ route_check ] --END-- [ RunTime:0.000853s ]
INFO: [ app_begin ] --START--
INFO: ReadHtmlCache Behavior ::run [ RunTime:0.000846s ]
INFO: [ app_begin ] --END-- [ RunTime:0.000937s ]
SQL: SHOW COLUMNS FROM `fk_user` [ RunTime:0.002633s ]
SQL: SELECT * FROM `fk_user`  [ RunTime:0.000461s ]

[ 2014-09-15T15:25:15+08:00 ] 127.0.0.1 /app/index.php/Index/bbs
INFO: [ route_check ] --START--
INFO: CheckRoute Behavior ::run [ RunTime:0.000996s ]
INFO: [ route_check ] --END-- [ RunTime:0.001079s ]
INFO: [ app_begin ] --START--
INFO: ReadHtmlCache Behavior ::run [ RunTime:0.000651s ]
INFO: [ app_begin ] --END-- [ RunTime:0.000715s ]
SQL: SHOW COLUMNS FROM `fk_user` [ RunTime:0.003328s ]
SQL: SELECT * FROM `fk_user`  [ RunTime:0.000706s ]
NOTIC: [8] Undefined offset: 1 D:\wamp\www\app\Lib\Action\IndexAction.class.php 第 23 行.

[ 2014-09-15T15:25:16+08:00 ] 127.0.0.1 /app/index.php/Index/bbs
INFO: [ route_check ] --START--
INFO: CheckRoute Behavior ::run [ RunTime:0.001018s ]
INFO: [ route_check ] --END-- [ RunTime:0.001124s ]
INFO: [ app_begin ] --START--
INFO: ReadHtmlCache Behavior ::run [ RunTime:0.000684s ]
INFO: [ app_begin ] --END-- [ RunTime:0.000749s ]
SQL: SHOW COLUMNS FROM `fk_user` [ RunTime:0.002433s ]
SQL: SELECT * FROM `fk_user`  [ RunTime:0.000400s ]
NOTIC: [8] Undefined offset: 1 D:\wamp\www\app\Lib\Action\IndexAction.class.php 第 23 行.

[ 2014-09-15T15:25:16+08:00 ] 127.0.0.1 /app/index.php/Index/bbs
INFO: [ route_check ] --START--
INFO: CheckRoute Behavior ::run [ RunTime:0.000870s ]
INFO: [ route_check ] --END-- [ RunTime:0.000967s ]
INFO: [ app_begin ] --START--
INFO: ReadHtmlCache Behavior ::run [ RunTime:0.000615s ]
INFO: [ app_begin ] --END-- [ RunTime:0.000678s ]
SQL: SHOW COLUMNS FROM `fk_user` [ RunTime:0.002642s ]
SQL: SELECT * FROM `fk_user`  [ RunTime:0.000779s ]
NOTIC: [8] Undefined offset: 1 D:\wamp\www\app\Lib\Action\IndexAction.class.php 第 23 行.

[ 2014-09-15T15:25:17+08:00 ] 127.0.0.1 /app/index.php/Index/bbs
INFO: [ route_check ] --START--
INFO: CheckRoute Behavior ::run [ RunTime:0.000775s ]
INFO: [ route_check ] --END-- [ RunTime:0.000857s ]
INFO: [ app_begin ] --START--
INFO: ReadHtmlCache Behavior ::run [ RunTime:0.000940s ]
INFO: [ app_begin ] --END-- [ RunTime:0.001009s ]
SQL: SHOW COLUMNS FROM `fk_user` [ RunTime:0.003209s ]
SQL: SELECT * FROM `fk_user`  [ RunTime:0.001431s ]
NOTIC: [8] Undefined offset: 1 D:\wamp\www\app\Lib\Action\IndexAction.class.php 第 23 行.

[ 2014-09-15T15:25:17+08:00 ] 127.0.0.1 /app/index.php/Index/bbs
INFO: [ route_check ] --START--
INFO: CheckRoute Behavior ::run [ RunTime:0.000830s ]
INFO: [ route_check ] --END-- [ RunTime:0.000917s ]
INFO: [ app_begin ] --START--
INFO: ReadHtmlCache Behavior ::run [ RunTime:0.000586s ]
INFO: [ app_begin ] --END-- [ RunTime:0.000646s ]
SQL: SHOW COLUMNS FROM `fk_user` [ RunTime:0.003263s ]
SQL: SELECT * FROM `fk_user`  [ RunTime:0.000391s ]
NOTIC: [8] Undefined offset: 1 D:\wamp\www\app\Lib\Action\IndexAction.class.php 第 23 行.

[ 2014-09-15T15:25:27+08:00 ] 127.0.0.1 /app/index.php/Index/bbs
INFO: [ route_check ] --START--
INFO: CheckRoute Behavior ::run [ RunTime:0.000778s ]
INFO: [ route_check ] --END-- [ RunTime:0.000860s ]
INFO: [ app_begin ] --START--
INFO: ReadHtmlCache Behavior ::run [ RunTime:0.000627s ]
INFO: [ app_begin ] --END-- [ RunTime:0.000696s ]
SQL: SHOW COLUMNS FROM `fk_user` [ RunTime:0.002382s ]
SQL: SELECT * FROM `fk_user`  [ RunTime:0.000303s ]
NOTIC: [8] Undefined offset: 2 D:\wamp\www\app\Lib\Action\IndexAction.class.php 第 23 行.

[ 2014-09-15T15:25:28+08:00 ] 127.0.0.1 /app/index.php/Index/bbs
INFO: [ route_check ] --START--
INFO: CheckRoute Behavior ::run [ RunTime:0.000785s ]
INFO: [ route_check ] --END-- [ RunTime:0.000868s ]
INFO: [ app_begin ] --START--
INFO: ReadHtmlCache Behavior ::run [ RunTime:0.000560s ]
INFO: [ app_begin ] --END-- [ RunTime:0.000622s ]
SQL: SHOW COLUMNS FROM `fk_user` [ RunTime:0.002376s ]
SQL: SELECT * FROM `fk_user`  [ RunTime:0.000271s ]
NOTIC: [8] Undefined offset: 2 D:\wamp\www\app\Lib\Action\IndexAction.class.php 第 23 行.

[ 2014-09-15T15:25:28+08:00 ] 127.0.0.1 /app/index.php/Index/bbs
INFO: [ route_check ] --START--
INFO: CheckRoute Behavior ::run [ RunTime:0.000920s ]
INFO: [ route_check ] --END-- [ RunTime:0.001015s ]
INFO: [ app_begin ] --START--
INFO: ReadHtmlCache Behavior ::run [ RunTime:0.000637s ]
INFO: [ app_begin ] --END-- [ RunTime:0.000707s ]
SQL: SHOW COLUMNS FROM `fk_user` [ RunTime:0.002556s ]
SQL: SELECT * FROM `fk_user`  [ RunTime:0.000280s ]
NOTIC: [8] Undefined offset: 2 D:\wamp\www\app\Lib\Action\IndexAction.class.php 第 23 行.

[ 2014-09-15T15:25:28+08:00 ] 127.0.0.1 /app/index.php/Index/bbs
INFO: [ route_check ] --START--
INFO: CheckRoute Behavior ::run [ RunTime:0.000792s ]
INFO: [ route_check ] --END-- [ RunTime:0.000877s ]
INFO: [ app_begin ] --START--
INFO: ReadHtmlCache Behavior ::run [ RunTime:0.000850s ]
INFO: [ app_begin ] --END-- [ RunTime:0.000944s ]
SQL: SHOW COLUMNS FROM `fk_user` [ RunTime:0.002547s ]
SQL: SELECT * FROM `fk_user`  [ RunTime:0.000504s ]
NOTIC: [8] Undefined offset: 2 D:\wamp\www\app\Lib\Action\IndexAction.class.php 第 23 行.

[ 2014-09-15T15:25:29+08:00 ] 127.0.0.1 /app/index.php/Index/bbs
INFO: [ route_check ] --START--
INFO: CheckRoute Behavior ::run [ RunTime:0.000963s ]
INFO: [ route_check ] --END-- [ RunTime:0.001071s ]
INFO: [ app_begin ] --START--
INFO: ReadHtmlCache Behavior ::run [ RunTime:0.000663s ]
INFO: [ app_begin ] --END-- [ RunTime:0.000738s ]
SQL: SHOW COLUMNS FROM `fk_user` [ RunTime:0.002827s ]
SQL: SELECT * FROM `fk_user`  [ RunTime:0.000383s ]
NOTIC: [8] Undefined offset: 2 D:\wamp\www\app\Lib\Action\IndexAction.class.php 第 23 行.

[ 2014-09-15T15:25:31+08:00 ] 127.0.0.1 /app/index.php/Index/bbs
INFO: [ route_check ] --START--
INFO: CheckRoute Behavior ::run [ RunTime:0.001092s ]
INFO: [ route_check ] --END-- [ RunTime:0.001234s ]
INFO: [ app_begin ] --START--
INFO: ReadHtmlCache Behavior ::run [ RunTime:0.000933s ]
INFO: [ app_begin ] --END-- [ RunTime:0.001035s ]
SQL: SHOW COLUMNS FROM `fk_user` [ RunTime:0.003810s ]
SQL: SELECT * FROM `fk_user`  [ RunTime:0.001058s ]
NOTIC: [8] Undefined offset: 2 D:\wamp\www\app\Lib\Action\IndexAction.class.php 第 23 行.

[ 2014-09-15T15:25:47+08:00 ] 127.0.0.1 /app/index.php/Index/bbs
INFO: [ route_check ] --START--
INFO: CheckRoute Behavior ::run [ RunTime:0.000911s ]
INFO: [ route_check ] --END-- [ RunTime:0.001015s ]
INFO: [ app_begin ] --START--
INFO: ReadHtmlCache Behavior ::run [ RunTime:0.000774s ]
INFO: [ app_begin ] --END-- [ RunTime:0.000860s ]
SQL: SHOW COLUMNS FROM `fk_user` [ RunTime:0.002822s ]
SQL: SELECT * FROM `fk_user`  [ RunTime:0.000318s ]

[ 2014-09-15T15:25:48+08:00 ] 127.0.0.1 /app/index.php/Index/bbs
INFO: [ route_check ] --START--
INFO: CheckRoute Behavior ::run [ RunTime:0.000791s ]
INFO: [ route_check ] --END-- [ RunTime:0.000873s ]
INFO: [ app_begin ] --START--
INFO: ReadHtmlCache Behavior ::run [ RunTime:0.000569s ]
INFO: [ app_begin ] --END-- [ RunTime:0.000629s ]
SQL: SHOW COLUMNS FROM `fk_user` [ RunTime:0.002760s ]
SQL: SELECT * FROM `fk_user`  [ RunTime:0.000401s ]

[ 2014-09-15T15:26:06+08:00 ] 127.0.0.1 /app/index.php/Index/bbs
INFO: [ route_check ] --START--
INFO: CheckRoute Behavior ::run [ RunTime:0.000771s ]
INFO: [ route_check ] --END-- [ RunTime:0.000854s ]
INFO: [ app_begin ] --START--
INFO: ReadHtmlCache Behavior ::run [ RunTime:0.000566s ]
INFO: [ app_begin ] --END-- [ RunTime:0.000627s ]
SQL: SHOW COLUMNS FROM `fk_user` [ RunTime:0.002939s ]
SQL: SELECT * FROM `fk_user`  [ RunTime:0.000642s ]
NOTIC: [8] Undefined offset: 0 D:\wamp\www\app\Lib\Action\IndexAction.class.php 第 23 行.

[ 2014-09-15T15:26:07+08:00 ] 127.0.0.1 /app/index.php/Index/bbs
INFO: [ route_check ] --START--
INFO: CheckRoute Behavior ::run [ RunTime:0.000781s ]
INFO: [ route_check ] --END-- [ RunTime:0.000865s ]
INFO: [ app_begin ] --START--
INFO: ReadHtmlCache Behavior ::run [ RunTime:0.000595s ]
INFO: [ app_begin ] --END-- [ RunTime:0.000663s ]
SQL: SHOW COLUMNS FROM `fk_user` [ RunTime:0.002529s ]
SQL: SELECT * FROM `fk_user`  [ RunTime:0.000419s ]
NOTIC: [8] Undefined offset: 0 D:\wamp\www\app\Lib\Action\IndexAction.class.php 第 23 行.

[ 2014-09-15T15:26:07+08:00 ] 127.0.0.1 /app/index.php/Index/bbs
INFO: [ route_check ] --START--
INFO: CheckRoute Behavior ::run [ RunTime:0.000780s ]
INFO: [ route_check ] --END-- [ RunTime:0.000862s ]
INFO: [ app_begin ] --START--
INFO: ReadHtmlCache Behavior ::run [ RunTime:0.000583s ]
INFO: [ app_begin ] --END-- [ RunTime:0.000646s ]
SQL: SHOW COLUMNS FROM `fk_user` [ RunTime:0.002437s ]
SQL: SELECT * FROM `fk_user`  [ RunTime:0.000283s ]
NOTIC: [8] Undefined offset: 0 D:\wamp\www\app\Lib\Action\IndexAction.class.php 第 23 行.

[ 2014-09-15T15:26:08+08:00 ] 127.0.0.1 /app/index.php/Index/bbs
INFO: [ route_check ] --START--
INFO: CheckRoute Behavior ::run [ RunTime:0.000793s ]
INFO: [ route_check ] --END-- [ RunTime:0.000879s ]
INFO: [ app_begin ] --START--
INFO: ReadHtmlCache Behavior ::run [ RunTime:0.000580s ]
INFO: [ app_begin ] --END-- [ RunTime:0.000640s ]
SQL: SHOW COLUMNS FROM `fk_user` [ RunTime:0.002691s ]
SQL: SELECT * FROM `fk_user`  [ RunTime:0.000588s ]
NOTIC: [8] Undefined offset: 0 D:\wamp\www\app\Lib\Action\IndexAction.class.php 第 23 行.

[ 2014-09-15T15:26:08+08:00 ] 127.0.0.1 /app/index.php/Index/bbs
INFO: [ route_check ] --START--
INFO: CheckRoute Behavior ::run [ RunTime:0.000768s ]
INFO: [ route_check ] --END-- [ RunTime:0.000852s ]
INFO: [ app_begin ] --START--
INFO: ReadHtmlCache Behavior ::run [ RunTime:0.000773s ]
INFO: [ app_begin ] --END-- [ RunTime:0.000838s ]
SQL: SHOW COLUMNS FROM `fk_user` [ RunTime:0.002447s ]
SQL: SELECT * FROM `fk_user`  [ RunTime:0.000459s ]
NOTIC: [8] Undefined offset: 0 D:\wamp\www\app\Lib\Action\IndexAction.class.php 第 23 行.

[ 2014-09-15T15:26:21+08:00 ] 127.0.0.1 /app/index.php/Index/bbs
INFO: [ route_check ] --START--
INFO: CheckRoute Behavior ::run [ RunTime:0.000783s ]
INFO: [ route_check ] --END-- [ RunTime:0.000865s ]
INFO: [ app_begin ] --START--
INFO: ReadHtmlCache Behavior ::run [ RunTime:0.000593s ]
INFO: [ app_begin ] --END-- [ RunTime:0.000653s ]
SQL: SHOW COLUMNS FROM `fk_user` [ RunTime:0.002571s ]
SQL: SELECT * FROM `fk_user`  [ RunTime:0.000496s ]

[ 2014-09-15T15:26:48+08:00 ] 127.0.0.1 /app/index.php/Index/bbs
INFO: [ route_check ] --START--
INFO: CheckRoute Behavior ::run [ RunTime:0.000803s ]
INFO: [ route_check ] --END-- [ RunTime:0.000890s ]
INFO: [ app_begin ] --START--
INFO: ReadHtmlCache Behavior ::run [ RunTime:0.000569s ]
INFO: [ app_begin ] --END-- [ RunTime:0.000629s ]
SQL: SHOW COLUMNS FROM `fk_user` [ RunTime:0.002507s ]
SQL: SELECT * FROM `fk_user`  [ RunTime:0.000377s ]
NOTIC: [8] Undefined index: user_name D:\wamp\www\app\Lib\Action\IndexAction.class.php 第 23 行.

[ 2014-09-15T15:27:09+08:00 ] 127.0.0.1 /app/index.php/Index/bbs
INFO: [ route_check ] --START--
INFO: CheckRoute Behavior ::run [ RunTime:0.001083s ]
INFO: [ route_check ] --END-- [ RunTime:0.001220s ]
INFO: [ app_begin ] --START--
INFO: ReadHtmlCache Behavior ::run [ RunTime:0.001145s ]
INFO: [ app_begin ] --END-- [ RunTime:0.001236s ]
SQL: SHOW COLUMNS FROM `fk_user` [ RunTime:0.002400s ]
SQL: SELECT * FROM `fk_user`  [ RunTime:0.000347s ]
NOTIC: [8] Undefined index: user_name D:\wamp\www\app\Lib\Action\IndexAction.class.php 第 23 行.
NOTIC: [8] Undefined index: user_name D:\wamp\www\app\Lib\Action\IndexAction.class.php 第 24 行.

[ 2014-09-15T15:27:10+08:00 ] 127.0.0.1 /app/index.php/Index/bbs
INFO: [ route_check ] --START--
INFO: CheckRoute Behavior ::run [ RunTime:0.000798s ]
INFO: [ route_check ] --END-- [ RunTime:0.000880s ]
INFO: [ app_begin ] --START--
INFO: ReadHtmlCache Behavior ::run [ RunTime:0.000574s ]
INFO: [ app_begin ] --END-- [ RunTime:0.000634s ]
SQL: SHOW COLUMNS FROM `fk_user` [ RunTime:0.002831s ]
SQL: SELECT * FROM `fk_user`  [ RunTime:0.000368s ]
NOTIC: [8] Undefined index: user_name D:\wamp\www\app\Lib\Action\IndexAction.class.php 第 23 行.
NOTIC: [8] Undefined index: user_name D:\wamp\www\app\Lib\Action\IndexAction.class.php 第 24 行.

[ 2014-09-15T15:27:11+08:00 ] 127.0.0.1 /app/index.php/Index/bbs
INFO: [ route_check ] --START--
INFO: CheckRoute Behavior ::run [ RunTime:0.001271s ]
INFO: [ route_check ] --END-- [ RunTime:0.001396s ]
INFO: [ app_begin ] --START--
INFO: ReadHtmlCache Behavior ::run [ RunTime:0.000839s ]
INFO: [ app_begin ] --END-- [ RunTime:0.000924s ]
SQL: SHOW COLUMNS FROM `fk_user` [ RunTime:0.002472s ]
SQL: SELECT * FROM `fk_user`  [ RunTime:0.000268s ]
NOTIC: [8] Undefined index: user_name D:\wamp\www\app\Lib\Action\IndexAction.class.php 第 23 行.
NOTIC: [8] Undefined index: user_name D:\wamp\www\app\Lib\Action\IndexAction.class.php 第 24 行.

[ 2014-09-15T15:27:11+08:00 ] 127.0.0.1 /app/index.php/Index/bbs
INFO: [ route_check ] --START--
INFO: CheckRoute Behavior ::run [ RunTime:0.000831s ]
INFO: [ route_check ] --END-- [ RunTime:0.000918s ]
INFO: [ app_begin ] --START--
INFO: ReadHtmlCache Behavior ::run [ RunTime:0.000590s ]
INFO: [ app_begin ] --END-- [ RunTime:0.000653s ]
SQL: SHOW COLUMNS FROM `fk_user` [ RunTime:0.002520s ]
SQL: SELECT * FROM `fk_user`  [ RunTime:0.000387s ]
NOTIC: [8] Undefined index: user_name D:\wamp\www\app\Lib\Action\IndexAction.class.php 第 23 行.
NOTIC: [8] Undefined index: user_name D:\wamp\www\app\Lib\Action\IndexAction.class.php 第 24 行.

[ 2014-09-15T15:27:25+08:00 ] 127.0.0.1 /app/index.php/Index/bbs
INFO: [ route_check ] --START--
INFO: CheckRoute Behavior ::run [ RunTime:0.001027s ]
INFO: [ route_check ] --END-- [ RunTime:0.001116s ]
INFO: [ app_begin ] --START--
INFO: ReadHtmlCache Behavior ::run [ RunTime:0.000611s ]
INFO: [ app_begin ] --END-- [ RunTime:0.000674s ]
SQL: SHOW COLUMNS FROM `fk_user` [ RunTime:0.002522s ]
SQL: SELECT * FROM `fk_user`  [ RunTime:0.000325s ]
NOTIC: [8] Undefined index: user_name D:\wamp\www\app\Lib\Action\IndexAction.class.php 第 23 行.

[ 2014-09-15T15:28:59+08:00 ] 127.0.0.1 /app/index.php/Index
INFO: [ route_check ] --START--
INFO: CheckRoute Behavior ::run [ RunTime:0.000995s ]
INFO: [ route_check ] --END-- [ RunTime:0.001131s ]
INFO: [ app_begin ] --START--
INFO: ReadHtmlCache Behavior ::run [ RunTime:0.000581s ]
INFO: [ app_begin ] --END-- [ RunTime:0.000647s ]
SQL: SHOW COLUMNS FROM `fk_user` [ RunTime:0.002520s ]
SQL: SELECT * FROM `fk_user`  [ RunTime:0.000349s ]
ERR: 模板不存在[D:/wamp/www/app/Tpl/Index/index.html]

[ 2014-09-15T15:29:07+08:00 ] 127.0.0.1 /app/index.php/Index
INFO: [ route_check ] --START--
INFO: CheckRoute Behavior ::run [ RunTime:0.000895s ]
INFO: [ route_check ] --END-- [ RunTime:0.001007s ]
INFO: [ app_begin ] --START--
INFO: ReadHtmlCache Behavior ::run [ RunTime:0.000678s ]
INFO: [ app_begin ] --END-- [ RunTime:0.000764s ]
SQL: SHOW COLUMNS FROM `fk_user` [ RunTime:0.002826s ]
SQL: SELECT * FROM `fk_user`  [ RunTime:0.000317s ]
ERR: 模板不存在[D:/wamp/www/app/Tpl/Index/index.html]

[ 2014-09-15T15:29:10+08:00 ] 127.0.0.1 /app/index.php
INFO: [ app_begin ] --START--
INFO: ReadHtmlCache Behavior ::run [ RunTime:0.000529s ]
INFO: [ app_begin ] --END-- [ RunTime:0.000610s ]
SQL: SHOW COLUMNS FROM `fk_user` [ RunTime:0.002451s ]
SQL: SELECT * FROM `fk_user`  [ RunTime:0.000370s ]
ERR: 模板不存在[D:/wamp/www/app/Tpl/Index/index.html]

